{"meta": {"format": 3, "version": "7.9.1", "timestamp": "2025-06-18T03:47:37.460281", "branch_coverage": false, "show_contexts": false}, "files": {"app.py": {"executed_lines": [1, 2, 3, 4, 5, 6, 7, 8, 9, 10, 11, 12, 14, 15, 16, 17, 18, 19, 20, 21, 24, 28, 31, 32, 34, 37, 38, 39, 42, 43, 47, 50, 51, 52, 53, 54, 55, 57, 58, 60, 62, 63, 65, 66, 78, 79, 81, 82, 84, 85, 88, 89, 90, 93, 94, 97, 104, 105, 107, 113, 114, 116, 117, 118, 124, 125, 127, 128, 133, 134, 147, 153, 177, 219, 220, 265, 266, 281, 282, 307, 308, 314, 315, 327, 328, 426, 427, 461, 554, 631, 686, 706, 730, 737, 744, 751, 752, 788, 868, 951, 1005, 1059, 1060, 1062, 1063, 1064, 1065, 1067, 1070, 1071, 1074, 1075, 1081, 1082, 1109, 1113, 1114, 1116, 1117, 1120, 1121, 1122, 1123, 1174, 1176, 1178, 1179, 1184, 1185, 1186, 1188, 1190, 1191, 1196, 1197, 1198, 1200, 1202, 1203, 1208, 1209, 1210, 1212, 1214, 1254, 1296, 1299, 1301, 1305, 1306, 1307, 1309, 1319, 1361], "summary": {"covered_lines": 154, "num_statements": 612, "percent_covered": 25.163398692810457, "percent_covered_display": "25", "missing_lines": 458, "excluded_lines": 0}, "missing_lines": [136, 137, 139, 140, 141, 142, 144, 155, 156, 158, 159, 161, 162, 163, 164, 165, 166, 167, 168, 169, 170, 171, 172, 173, 175, 179, 180, 184, 185, 193, 195, 209, 210, 217, 222, 223, 227, 228, 233, 234, 235, 236, 239, 241, 242, 244, 245, 247, 248, 251, 252, 253, 255, 256, 257, 259, 270, 272, 273, 274, 276, 284, 285, 287, 288, 294, 295, 297, 298, 299, 301, 310, 312, 317, 319, 321, 330, 331, 332, 333, 335, 336, 342, 343, 344, 350, 351, 354, 374, 375, 376, 377, 378, 379, 380, 381, 384, 390, 397, 400, 401, 403, 404, 405, 406, 412, 419, 420, 421, 429, 430, 431, 434, 435, 436, 441, 442, 444, 445, 446, 447, 449, 454, 455, 456, 463, 465, 468, 523, 534, 537, 539, 547, 548, 549, 556, 557, 559, 567, 569, 570, 572, 574, 576, 577, 578, 579, 581, 582, 583, 584, 585, 587, 588, 591, 592, 594, 596, 597, 598, 599, 600, 601, 604, 605, 607, 610, 611, 613, 614, 616, 617, 618, 620, 621, 622, 623, 624, 626, 627, 629, 635, 636, 642, 643, 651, 652, 661, 663, 664, 672, 673, 682, 684, 688, 690, 697, 698, 699, 701, 708, 709, 712, 715, 724, 725, 732, 739, 746, 754, 755, 756, 759, 760, 761, 766, 767, 769, 770, 771, 772, 773, 774, 776, 781, 782, 783, 790, 791, 794, 795, 798, 801, 841, 852, 854, 861, 862, 863, 870, 871, 872, 875, 876, 878, 879, 880, 881, 882, 883, 886, 923, 934, 936, 944, 945, 946, 953, 954, 955, 956, 958, 959, 960, 961, 963, 964, 968, 971, 973, 974, 976, 981, 982, 987, 988, 990, 998, 999, 1000, 1007, 1009, 1010, 1013, 1014, 1016, 1017, 1019, 1020, 1021, 1023, 1024, 1026, 1027, 1029, 1030, 1031, 1033, 1034, 1035, 1036, 1038, 1040, 1041, 1043, 1044, 1046, 1049, 1050, 1052, 1053, 1055, 1056, 1057, 1077, 1078, 1079, 1084, 1085, 1087, 1088, 1091, 1092, 1095, 1097, 1098, 1103, 1105, 1106, 1107, 1126, 1127, 1128, 1129, 1132, 1133, 1134, 1135, 1138, 1139, 1140, 1142, 1145, 1146, 1147, 1148, 1151, 1159, 1161, 1170, 1171, 1172, 1180, 1181, 1182, 1183, 1192, 1193, 1194, 1195, 1204, 1205, 1206, 1207, 1216, 1218, 1219, 1220, 1221, 1222, 1223, 1224, 1225, 1226, 1228, 1230, 1231, 1232, 1233, 1234, 1235, 1236, 1237, 1238, 1240, 1242, 1243, 1244, 1245, 1246, 1247, 1248, 1249, 1250, 1252, 1256, 1258, 1259, 1260, 1261, 1262, 1263, 1264, 1265, 1266, 1267, 1269, 1271, 1272, 1273, 1274, 1275, 1276, 1277, 1278, 1279, 1280, 1282, 1284, 1285, 1286, 1287, 1288, 1289, 1290, 1291, 1292, 1294, 1321, 1324, 1325, 1326, 1327, 1328, 1329, 1332, 1333, 1334, 1335, 1336, 1337, 1340, 1341, 1342, 1343, 1344, 1345, 1348, 1349, 1350, 1352, 1353, 1354, 1355, 1356, 1357, 1359, 1362], "excluded_lines": [], "functions": {"index": {"executed_lines": [60], "summary": {"covered_lines": 1, "num_statements": 1, "percent_covered": 100.0, "percent_covered_display": "100", "missing_lines": 0, "excluded_lines": 0}, "missing_lines": [], "excluded_lines": []}, "health_check": {"executed_lines": [65, 66], "summary": {"covered_lines": 2, "num_statements": 2, "percent_covered": 100.0, "percent_covered_display": "100", "missing_lines": 0, "excluded_lines": 0}, "missing_lines": [], "excluded_lines": []}, "list_courses": {"executed_lines": [81, 82], "summary": {"covered_lines": 2, "num_statements": 2, "percent_covered": 100.0, "percent_covered_display": "100", "missing_lines": 0, "excluded_lines": 0}, "missing_lines": [], "excluded_lines": []}, "view_course": {"executed_lines": [88, 89, 90, 93, 94, 97, 104, 105, 107], "summary": {"covered_lines": 9, "num_statements": 9, "percent_covered": 100.0, "percent_covered_display": "100", "missing_lines": 0, "excluded_lines": 0}, "missing_lines": [], "excluded_lines": []}, "api_list_courses": {"executed_lines": [116, 117, 118], "summary": {"covered_lines": 3, "num_statements": 3, "percent_covered": 100.0, "percent_covered_display": "100", "missing_lines": 0, "excluded_lines": 0}, "missing_lines": [], "excluded_lines": []}, "api_stats": {"executed_lines": [127, 128], "summary": {"covered_lines": 2, "num_statements": 2, "percent_covered": 100.0, "percent_covered_display": "100", "missing_lines": 0, "excluded_lines": 0}, "missing_lines": [], "excluded_lines": []}, "test_dashboard": {"executed_lines": [], "summary": {"covered_lines": 0, "num_statements": 7, "percent_covered": 0.0, "percent_covered_display": "0", "missing_lines": 7, "excluded_lines": 0}, "missing_lines": [136, 137, 139, 140, 141, 142, 144], "excluded_lines": []}, "parse_test_output": {"executed_lines": [], "summary": {"covered_lines": 0, "num_statements": 18, "percent_covered": 0.0, "percent_covered_display": "0", "missing_lines": 18, "excluded_lines": 0}, "missing_lines": [155, 156, 158, 159, 161, 162, 163, 164, 165, 166, 167, 168, 169, 170, 171, 172, 173, 175], "excluded_lines": []}, "run_tests_background": {"executed_lines": [], "summary": {"covered_lines": 0, "num_statements": 9, "percent_covered": 0.0, "percent_covered_display": "0", "missing_lines": 9, "excluded_lines": 0}, "missing_lines": [179, 180, 184, 185, 193, 195, 209, 210, 217], "excluded_lines": []}, "run_tests_api": {"executed_lines": [], "summary": {"covered_lines": 0, "num_statements": 22, "percent_covered": 0.0, "percent_covered_display": "0", "missing_lines": 22, "excluded_lines": 0}, "missing_lines": [222, 223, 227, 228, 233, 234, 235, 236, 239, 241, 242, 244, 245, 247, 248, 251, 252, 253, 255, 256, 257, 259], "excluded_lines": []}, "test_status": {"executed_lines": [], "summary": {"covered_lines": 0, "num_statements": 5, "percent_covered": 0.0, "percent_covered_display": "0", "missing_lines": 5, "excluded_lines": 0}, "missing_lines": [270, 272, 273, 274, 276], "excluded_lines": []}, "start_autonomous_fixer": {"executed_lines": [], "summary": {"covered_lines": 0, "num_statements": 9, "percent_covered": 0.0, "percent_covered_display": "0", "missing_lines": 9, "excluded_lines": 0}, "missing_lines": [284, 285, 287, 288, 294, 297, 298, 299, 301], "excluded_lines": []}, "start_autonomous_fixer.run_cycle": {"executed_lines": [], "summary": {"covered_lines": 0, "num_statements": 1, "percent_covered": 0.0, "percent_covered_display": "0", "missing_lines": 1, "excluded_lines": 0}, "missing_lines": [295], "excluded_lines": []}, "autonomous_fixer_status": {"executed_lines": [], "summary": {"covered_lines": 0, "num_statements": 2, "percent_covered": 0.0, "percent_covered_display": "0", "missing_lines": 2, "excluded_lines": 0}, "missing_lines": [310, 312], "excluded_lines": []}, "stop_autonomous_fixer": {"executed_lines": [], "summary": {"covered_lines": 0, "num_statements": 3, "percent_covered": 0.0, "percent_covered_display": "0", "missing_lines": 3, "excluded_lines": 0}, "missing_lines": [317, 319, 321], "excluded_lines": []}, "ai_testing_assistant": {"executed_lines": [], "summary": {"covered_lines": 0, "num_statements": 33, "percent_covered": 0.0, "percent_covered_display": "0", "missing_lines": 33, "excluded_lines": 0}, "missing_lines": [330, 331, 332, 333, 335, 336, 342, 343, 344, 350, 351, 354, 374, 375, 376, 377, 378, 379, 380, 381, 384, 390, 397, 400, 401, 403, 404, 405, 406, 412, 419, 420, 421], "excluded_lines": []}, "ai_code_monitor": {"executed_lines": [], "summary": {"covered_lines": 0, "num_statements": 16, "percent_covered": 0.0, "percent_covered_display": "0", "missing_lines": 16, "excluded_lines": 0}, "missing_lines": [429, 430, 431, 434, 435, 436, 441, 442, 444, 445, 446, 447, 449, 454, 455, 456], "excluded_lines": []}, "analyze_codebase_with_ai": {"executed_lines": [], "summary": {"covered_lines": 0, "num_statements": 10, "percent_covered": 0.0, "percent_covered_display": "0", "missing_lines": 10, "excluded_lines": 0}, "missing_lines": [463, 465, 468, 523, 534, 537, 539, 547, 548, 549], "excluded_lines": []}, "gather_codebase_metrics": {"executed_lines": [], "summary": {"covered_lines": 0, "num_statements": 46, "percent_covered": 0.0, "percent_covered_display": "0", "missing_lines": 46, "excluded_lines": 0}, "missing_lines": [556, 557, 559, 567, 569, 570, 572, 574, 576, 577, 578, 579, 581, 582, 583, 584, 585, 587, 588, 591, 592, 594, 596, 597, 598, 599, 600, 601, 604, 605, 607, 610, 611, 613, 614, 616, 617, 618, 620, 621, 622, 623, 624, 626, 627, 629], "excluded_lines": []}, "enhance_analysis_with_realtime_data": {"executed_lines": [], "summary": {"covered_lines": 0, "num_statements": 13, "percent_covered": 0.0, "percent_covered_display": "0", "missing_lines": 13, "excluded_lines": 0}, "missing_lines": [635, 636, 642, 643, 651, 652, 661, 663, 664, 672, 673, 682, 684], "excluded_lines": []}, "execute_ai_action": {"executed_lines": [], "summary": {"covered_lines": 0, "num_statements": 6, "percent_covered": 0.0, "percent_covered_display": "0", "missing_lines": 6, "excluded_lines": 0}, "missing_lines": [688, 690, 697, 698, 699, 701], "excluded_lines": []}, "handle_run_failing_tests": {"executed_lines": [], "summary": {"covered_lines": 0, "num_statements": 6, "percent_covered": 0.0, "percent_covered_display": "0", "missing_lines": 6, "excluded_lines": 0}, "missing_lines": [708, 709, 712, 715, 724, 725], "excluded_lines": []}, "handle_improve_coverage": {"executed_lines": [], "summary": {"covered_lines": 0, "num_statements": 1, "percent_covered": 0.0, "percent_covered_display": "0", "missing_lines": 1, "excluded_lines": 0}, "missing_lines": [732], "excluded_lines": []}, "handle_optimize_performance": {"executed_lines": [], "summary": {"covered_lines": 0, "num_statements": 1, "percent_covered": 0.0, "percent_covered_display": "0", "missing_lines": 1, "excluded_lines": 0}, "missing_lines": [739], "excluded_lines": []}, "handle_security_audit": {"executed_lines": [], "summary": {"covered_lines": 0, "num_statements": 1, "percent_covered": 0.0, "percent_covered_display": "0", "missing_lines": 1, "excluded_lines": 0}, "missing_lines": [746], "excluded_lines": []}, "ai_fix_tests": {"executed_lines": [], "summary": {"covered_lines": 0, "num_statements": 18, "percent_covered": 0.0, "percent_covered_display": "0", "missing_lines": 18, "excluded_lines": 0}, "missing_lines": [754, 755, 756, 759, 760, 761, 766, 767, 769, 770, 771, 772, 773, 774, 776, 781, 782, 783], "excluded_lines": []}, "analyze_test_failures": {"executed_lines": [], "summary": {"covered_lines": 0, "num_statements": 12, "percent_covered": 0.0, "percent_covered_display": "0", "missing_lines": 12, "excluded_lines": 0}, "missing_lines": [790, 791, 794, 795, 798, 801, 841, 852, 854, 861, 862, 863], "excluded_lines": []}, "generate_test_fixes": {"executed_lines": [], "summary": {"covered_lines": 0, "num_statements": 18, "percent_covered": 0.0, "percent_covered_display": "0", "missing_lines": 18, "excluded_lines": 0}, "missing_lines": [870, 871, 872, 875, 876, 878, 879, 880, 881, 882, 883, 886, 923, 934, 936, 944, 945, 946], "excluded_lines": []}, "apply_test_fixes": {"executed_lines": [], "summary": {"covered_lines": 0, "num_statements": 23, "percent_covered": 0.0, "percent_covered_display": "0", "missing_lines": 23, "excluded_lines": 0}, "missing_lines": [953, 954, 955, 956, 958, 959, 960, 961, 963, 964, 968, 971, 973, 974, 976, 981, 982, 987, 988, 990, 998, 999, 1000], "excluded_lines": []}, "apply_single_fix": {"executed_lines": [], "summary": {"covered_lines": 0, "num_statements": 34, "percent_covered": 0.0, "percent_covered_display": "0", "missing_lines": 34, "excluded_lines": 0}, "missing_lines": [1007, 1009, 1010, 1013, 1014, 1016, 1017, 1019, 1020, 1021, 1023, 1024, 1026, 1027, 1029, 1030, 1031, 1033, 1034, 1035, 1036, 1038, 1040, 1041, 1043, 1044, 1046, 1049, 1050, 1052, 1053, 1055, 1056, 1057], "excluded_lines": []}, "generate_course_api": {"executed_lines": [1062, 1063, 1064, 1065, 1067, 1070, 1071, 1074, 1075], "summary": {"covered_lines": 9, "num_statements": 12, "percent_covered": 75.0, "percent_covered_display": "75", "missing_lines": 3, "excluded_lines": 0}, "missing_lines": [1077, 1078, 1079], "excluded_lines": []}, "generate_course": {"executed_lines": [], "summary": {"covered_lines": 0, "num_statements": 13, "percent_covered": 0.0, "percent_covered_display": "0", "missing_lines": 13, "excluded_lines": 0}, "missing_lines": [1084, 1085, 1087, 1088, 1091, 1092, 1095, 1097, 1098, 1103, 1105, 1106, 1107], "excluded_lines": []}, "process_youtube_video": {"executed_lines": [1113, 1114, 1116, 1117, 1120, 1121, 1122, 1123], "summary": {"covered_lines": 8, "num_statements": 30, "percent_covered": 26.666666666666668, "percent_covered_display": "27", "missing_lines": 22, "excluded_lines": 0}, "missing_lines": [1126, 1127, 1128, 1129, 1132, 1133, 1134, 1135, 1138, 1139, 1140, 1142, 1145, 1146, 1147, 1148, 1151, 1159, 1161, 1170, 1171, 1172], "excluded_lines": []}, "extract_video_metadata": {"executed_lines": [1176, 1178, 1179, 1184, 1185, 1186, 1188, 1190, 1191, 1196, 1197, 1198, 1200, 1202, 1203, 1208, 1209, 1210, 1212], "summary": {"covered_lines": 19, "num_statements": 31, "percent_covered": 61.29032258064516, "percent_covered_display": "61", "missing_lines": 12, "excluded_lines": 0}, "missing_lines": [1180, 1181, 1182, 1183, 1192, 1193, 1194, 1195, 1204, 1205, 1206, 1207], "excluded_lines": []}, "extract_transcript": {"executed_lines": [], "summary": {"covered_lines": 0, "num_statements": 31, "percent_covered": 0.0, "percent_covered_display": "0", "missing_lines": 31, "excluded_lines": 0}, "missing_lines": [1216, 1218, 1219, 1220, 1221, 1222, 1223, 1224, 1225, 1226, 1228, 1230, 1231, 1232, 1233, 1234, 1235, 1236, 1237, 1238, 1240, 1242, 1243, 1244, 1245, 1246, 1247, 1248, 1249, 1250, 1252], "excluded_lines": []}, "generate_course_content": {"executed_lines": [], "summary": {"covered_lines": 0, "num_statements": 33, "percent_covered": 0.0, "percent_covered_display": "0", "missing_lines": 33, "excluded_lines": 0}, "missing_lines": [1256, 1258, 1259, 1260, 1261, 1262, 1263, 1264, 1265, 1266, 1267, 1269, 1271, 1272, 1273, 1274, 1275, 1276, 1277, 1278, 1279, 1280, 1282, 1284, 1285, 1286, 1287, 1288, 1289, 1290, 1291, 1292, 1294], "excluded_lines": []}, "create_fallback_course": {"executed_lines": [1299, 1301, 1305, 1306, 1307, 1309], "summary": {"covered_lines": 6, "num_statements": 6, "percent_covered": 100.0, "percent_covered_display": "100", "missing_lines": 0, "excluded_lines": 0}, "missing_lines": [], "excluded_lines": []}, "calculate_quality_score": {"executed_lines": [], "summary": {"covered_lines": 0, "num_statements": 29, "percent_covered": 0.0, "percent_covered_display": "0", "missing_lines": 29, "excluded_lines": 0}, "missing_lines": [1321, 1324, 1325, 1326, 1327, 1328, 1329, 1332, 1333, 1334, 1335, 1336, 1337, 1340, 1341, 1342, 1343, 1344, 1345, 1348, 1349, 1350, 1352, 1353, 1354, 1355, 1356, 1357, 1359], "excluded_lines": []}, "": {"executed_lines": [1, 2, 3, 4, 5, 6, 7, 8, 9, 10, 11, 12, 14, 15, 16, 17, 18, 19, 20, 21, 24, 28, 31, 32, 34, 37, 38, 39, 42, 43, 47, 50, 51, 52, 53, 54, 55, 57, 58, 62, 63, 78, 79, 84, 85, 113, 114, 124, 125, 133, 134, 147, 153, 177, 219, 220, 265, 266, 281, 282, 307, 308, 314, 315, 327, 328, 426, 427, 461, 554, 631, 686, 706, 730, 737, 744, 751, 752, 788, 868, 951, 1005, 1059, 1060, 1081, 1082, 1109, 1174, 1214, 1254, 1296, 1319, 1361], "summary": {"covered_lines": 93, "num_statements": 94, "percent_covered": 98.93617021276596, "percent_covered_display": "99", "missing_lines": 1, "excluded_lines": 0}, "missing_lines": [1362], "excluded_lines": []}}, "classes": {"Base": {"executed_lines": [], "summary": {"covered_lines": 0, "num_statements": 0, "percent_covered": 100.0, "percent_covered_display": "100", "missing_lines": 0, "excluded_lines": 0}, "missing_lines": [], "excluded_lines": []}, "": {"executed_lines": [1, 2, 3, 4, 5, 6, 7, 8, 9, 10, 11, 12, 14, 15, 16, 17, 18, 19, 20, 21, 24, 28, 31, 32, 34, 37, 38, 39, 42, 43, 47, 50, 51, 52, 53, 54, 55, 57, 58, 60, 62, 63, 65, 66, 78, 79, 81, 82, 84, 85, 88, 89, 90, 93, 94, 97, 104, 105, 107, 113, 114, 116, 117, 118, 124, 125, 127, 128, 133, 134, 147, 153, 177, 219, 220, 265, 266, 281, 282, 307, 308, 314, 315, 327, 328, 426, 427, 461, 554, 631, 686, 706, 730, 737, 744, 751, 752, 788, 868, 951, 1005, 1059, 1060, 1062, 1063, 1064, 1065, 1067, 1070, 1071, 1074, 1075, 1081, 1082, 1109, 1113, 1114, 1116, 1117, 1120, 1121, 1122, 1123, 1174, 1176, 1178, 1179, 1184, 1185, 1186, 1188, 1190, 1191, 1196, 1197, 1198, 1200, 1202, 1203, 1208, 1209, 1210, 1212, 1214, 1254, 1296, 1299, 1301, 1305, 1306, 1307, 1309, 1319, 1361], "summary": {"covered_lines": 154, "num_statements": 612, "percent_covered": 25.163398692810457, "percent_covered_display": "25", "missing_lines": 458, "excluded_lines": 0}, "missing_lines": [136, 137, 139, 140, 141, 142, 144, 155, 156, 158, 159, 161, 162, 163, 164, 165, 166, 167, 168, 169, 170, 171, 172, 173, 175, 179, 180, 184, 185, 193, 195, 209, 210, 217, 222, 223, 227, 228, 233, 234, 235, 236, 239, 241, 242, 244, 245, 247, 248, 251, 252, 253, 255, 256, 257, 259, 270, 272, 273, 274, 276, 284, 285, 287, 288, 294, 295, 297, 298, 299, 301, 310, 312, 317, 319, 321, 330, 331, 332, 333, 335, 336, 342, 343, 344, 350, 351, 354, 374, 375, 376, 377, 378, 379, 380, 381, 384, 390, 397, 400, 401, 403, 404, 405, 406, 412, 419, 420, 421, 429, 430, 431, 434, 435, 436, 441, 442, 444, 445, 446, 447, 449, 454, 455, 456, 463, 465, 468, 523, 534, 537, 539, 547, 548, 549, 556, 557, 559, 567, 569, 570, 572, 574, 576, 577, 578, 579, 581, 582, 583, 584, 585, 587, 588, 591, 592, 594, 596, 597, 598, 599, 600, 601, 604, 605, 607, 610, 611, 613, 614, 616, 617, 618, 620, 621, 622, 623, 624, 626, 627, 629, 635, 636, 642, 643, 651, 652, 661, 663, 664, 672, 673, 682, 684, 688, 690, 697, 698, 699, 701, 708, 709, 712, 715, 724, 725, 732, 739, 746, 754, 755, 756, 759, 760, 761, 766, 767, 769, 770, 771, 772, 773, 774, 776, 781, 782, 783, 790, 791, 794, 795, 798, 801, 841, 852, 854, 861, 862, 863, 870, 871, 872, 875, 876, 878, 879, 880, 881, 882, 883, 886, 923, 934, 936, 944, 945, 946, 953, 954, 955, 956, 958, 959, 960, 961, 963, 964, 968, 971, 973, 974, 976, 981, 982, 987, 988, 990, 998, 999, 1000, 1007, 1009, 1010, 1013, 1014, 1016, 1017, 1019, 1020, 1021, 1023, 1024, 1026, 1027, 1029, 1030, 1031, 1033, 1034, 1035, 1036, 1038, 1040, 1041, 1043, 1044, 1046, 1049, 1050, 1052, 1053, 1055, 1056, 1057, 1077, 1078, 1079, 1084, 1085, 1087, 1088, 1091, 1092, 1095, 1097, 1098, 1103, 1105, 1106, 1107, 1126, 1127, 1128, 1129, 1132, 1133, 1134, 1135, 1138, 1139, 1140, 1142, 1145, 1146, 1147, 1148, 1151, 1159, 1161, 1170, 1171, 1172, 1180, 1181, 1182, 1183, 1192, 1193, 1194, 1195, 1204, 1205, 1206, 1207, 1216, 1218, 1219, 1220, 1221, 1222, 1223, 1224, 1225, 1226, 1228, 1230, 1231, 1232, 1233, 1234, 1235, 1236, 1237, 1238, 1240, 1242, 1243, 1244, 1245, 1246, 1247, 1248, 1249, 1250, 1252, 1256, 1258, 1259, 1260, 1261, 1262, 1263, 1264, 1265, 1266, 1267, 1269, 1271, 1272, 1273, 1274, 1275, 1276, 1277, 1278, 1279, 1280, 1282, 1284, 1285, 1286, 1287, 1288, 1289, 1290, 1291, 1292, 1294, 1321, 1324, 1325, 1326, 1327, 1328, 1329, 1332, 1333, 1334, 1335, 1336, 1337, 1340, 1341, 1342, 1343, 1344, 1345, 1348, 1349, 1350, 1352, 1353, 1354, 1355, 1356, 1357, 1359, 1362], "excluded_lines": []}}}, "autonomous_test_fixer.py": {"executed_lines": [], "summary": {"covered_lines": 0, "num_statements": 152, "percent_covered": 0.0, "percent_covered_display": "0", "missing_lines": 152, "excluded_lines": 0}, "missing_lines": [6, 7, 8, 9, 10, 11, 12, 13, 14, 17, 18, 20, 21, 22, 23, 24, 25, 26, 27, 29, 31, 34, 36, 37, 39, 40, 43, 45, 47, 56, 57, 58, 60, 62, 63, 66, 67, 69, 70, 71, 73, 80, 81, 82, 84, 86, 87, 88, 89, 90, 91, 96, 98, 100, 102, 104, 106, 107, 109, 110, 113, 114, 115, 117, 118, 120, 122, 124, 125, 126, 127, 128, 129, 130, 132, 134, 158, 159, 170, 171, 172, 174, 175, 176, 178, 180, 182, 184, 185, 186, 187, 188, 190, 192, 193, 195, 197, 199, 200, 201, 203, 204, 206, 208, 209, 212, 213, 216, 217, 219, 221, 222, 224, 225, 226, 228, 230, 231, 232, 234, 235, 236, 239, 240, 243, 244, 245, 246, 248, 249, 252, 254, 255, 256, 259, 260, 262, 263, 264, 266, 267, 269, 270, 272, 273, 275, 277, 279, 290, 292, 293, 296], "excluded_lines": [], "functions": {"AutonomousTestFixer.__init__": {"executed_lines": [], "summary": {"covered_lines": 0, "num_statements": 6, "percent_covered": 0.0, "percent_covered_display": "0", "missing_lines": 6, "excluded_lines": 0}, "missing_lines": [22, 23, 24, 25, 26, 27], "excluded_lines": []}, "AutonomousTestFixer.run_tests": {"executed_lines": [], "summary": {"covered_lines": 0, "num_statements": 12, "percent_covered": 0.0, "percent_covered_display": "0", "missing_lines": 12, "excluded_lines": 0}, "missing_lines": [31, 34, 36, 37, 39, 40, 43, 45, 47, 56, 57, 58], "excluded_lines": []}, "AutonomousTestFixer._parse_failures": {"executed_lines": [], "summary": {"covered_lines": 0, "num_statements": 20, "percent_covered": 0.0, "percent_covered_display": "0", "missing_lines": 20, "excluded_lines": 0}, "missing_lines": [62, 63, 66, 67, 69, 70, 71, 73, 80, 81, 82, 84, 86, 87, 88, 89, 90, 91, 96, 98], "excluded_lines": []}, "AutonomousTestFixer.analyze_failures_with_ai": {"executed_lines": [], "summary": {"covered_lines": 0, "num_statements": 12, "percent_covered": 0.0, "percent_covered_display": "0", "missing_lines": 12, "excluded_lines": 0}, "missing_lines": [102, 104, 106, 107, 109, 110, 113, 114, 115, 117, 118, 120], "excluded_lines": []}, "AutonomousTestFixer._read_file_safely": {"executed_lines": [], "summary": {"covered_lines": 0, "num_statements": 7, "percent_covered": 0.0, "percent_covered_display": "0", "missing_lines": 7, "excluded_lines": 0}, "missing_lines": [124, 125, 126, 127, 128, 129, 130], "excluded_lines": []}, "AutonomousTestFixer._get_ai_fix_for_failure": {"executed_lines": [], "summary": {"covered_lines": 0, "num_statements": 9, "percent_covered": 0.0, "percent_covered_display": "0", "missing_lines": 9, "excluded_lines": 0}, "missing_lines": [134, 158, 159, 170, 171, 172, 174, 175, 176], "excluded_lines": []}, "AutonomousTestFixer.apply_fixes": {"executed_lines": [], "summary": {"covered_lines": 0, "num_statements": 11, "percent_covered": 0.0, "percent_covered_display": "0", "missing_lines": 11, "excluded_lines": 0}, "missing_lines": [180, 182, 184, 185, 186, 187, 188, 190, 192, 193, 195], "excluded_lines": []}, "AutonomousTestFixer._apply_single_fix": {"executed_lines": [], "summary": {"covered_lines": 0, "num_statements": 18, "percent_covered": 0.0, "percent_covered_display": "0", "missing_lines": 18, "excluded_lines": 0}, "missing_lines": [199, 200, 201, 203, 204, 206, 208, 209, 212, 213, 216, 217, 219, 221, 222, 224, 225, 226], "excluded_lines": []}, "AutonomousTestFixer.run_autonomous_cycle": {"executed_lines": [], "summary": {"covered_lines": 0, "num_statements": 29, "percent_covered": 0.0, "percent_covered_display": "0", "missing_lines": 29, "excluded_lines": 0}, "missing_lines": [230, 231, 232, 234, 235, 236, 239, 240, 243, 244, 245, 246, 248, 249, 252, 254, 255, 256, 259, 260, 262, 263, 264, 266, 267, 269, 270, 272, 273], "excluded_lines": []}, "AutonomousTestFixer.get_status": {"executed_lines": [], "summary": {"covered_lines": 0, "num_statements": 2, "percent_covered": 0.0, "percent_covered_display": "0", "missing_lines": 2, "excluded_lines": 0}, "missing_lines": [277, 279], "excluded_lines": []}, "AutonomousTestFixer.stop": {"executed_lines": [], "summary": {"covered_lines": 0, "num_statements": 2, "percent_covered": 0.0, "percent_covered_display": "0", "missing_lines": 2, "excluded_lines": 0}, "missing_lines": [292, 293], "excluded_lines": []}, "": {"executed_lines": [], "summary": {"covered_lines": 0, "num_statements": 24, "percent_covered": 0.0, "percent_covered_display": "0", "missing_lines": 24, "excluded_lines": 0}, "missing_lines": [6, 7, 8, 9, 10, 11, 12, 13, 14, 17, 18, 20, 21, 29, 60, 100, 122, 132, 178, 197, 228, 275, 290, 296], "excluded_lines": []}}, "classes": {"AutonomousTestFixer": {"executed_lines": [], "summary": {"covered_lines": 0, "num_statements": 128, "percent_covered": 0.0, "percent_covered_display": "0", "missing_lines": 128, "excluded_lines": 0}, "missing_lines": [22, 23, 24, 25, 26, 27, 31, 34, 36, 37, 39, 40, 43, 45, 47, 56, 57, 58, 62, 63, 66, 67, 69, 70, 71, 73, 80, 81, 82, 84, 86, 87, 88, 89, 90, 91, 96, 98, 102, 104, 106, 107, 109, 110, 113, 114, 115, 117, 118, 120, 124, 125, 126, 127, 128, 129, 130, 134, 158, 159, 170, 171, 172, 174, 175, 176, 180, 182, 184, 185, 186, 187, 188, 190, 192, 193, 195, 199, 200, 201, 203, 204, 206, 208, 209, 212, 213, 216, 217, 219, 221, 222, 224, 225, 226, 230, 231, 232, 234, 235, 236, 239, 240, 243, 244, 245, 246, 248, 249, 252, 254, 255, 256, 259, 260, 262, 263, 264, 266, 267, 269, 270, 272, 273, 277, 279, 292, 293], "excluded_lines": []}, "": {"executed_lines": [], "summary": {"covered_lines": 0, "num_statements": 24, "percent_covered": 0.0, "percent_covered_display": "0", "missing_lines": 24, "excluded_lines": 0}, "missing_lines": [6, 7, 8, 9, 10, 11, 12, 13, 14, 17, 18, 20, 21, 29, 60, 100, 122, 132, 178, 197, 228, 275, 290, 296], "excluded_lines": []}}}, "main.py": {"executed_lines": [], "summary": {"covered_lines": 0, "num_statements": 3, "percent_covered": 0.0, "percent_covered_display": "0", "missing_lines": 3, "excluded_lines": 0}, "missing_lines": [1, 3, 4], "excluded_lines": [], "functions": {"": {"executed_lines": [], "summary": {"covered_lines": 0, "num_statements": 3, "percent_covered": 0.0, "percent_covered_display": "0", "missing_lines": 3, "excluded_lines": 0}, "missing_lines": [1, 3, 4], "excluded_lines": []}}, "classes": {"": {"executed_lines": [], "summary": {"covered_lines": 0, "num_statements": 3, "percent_covered": 0.0, "percent_covered_display": "0", "missing_lines": 3, "excluded_lines": 0}, "missing_lines": [1, 3, 4], "excluded_lines": []}}}, "models.py": {"executed_lines": [], "summary": {"covered_lines": 0, "num_statements": 93, "percent_covered": 0.0, "percent_covered_display": "0", "missing_lines": 93, "excluded_lines": 0}, "missing_lines": [1, 2, 3, 4, 6, 8, 9, 11, 12, 13, 14, 15, 16, 17, 18, 21, 22, 23, 24, 25, 26, 29, 30, 31, 32, 35, 36, 37, 38, 39, 42, 43, 44, 47, 48, 50, 51, 53, 54, 57, 58, 59, 62, 63, 64, 67, 68, 69, 72, 73, 74, 77, 78, 79, 81, 84, 86, 87, 89, 90, 91, 92, 95, 96, 99, 100, 101, 104, 105, 106, 109, 111, 112, 114, 115, 118, 119, 120, 121, 124, 125, 126, 127, 130, 131, 132, 135, 136, 137, 140, 141, 142, 143], "excluded_lines": [], "functions": {"": {"executed_lines": [], "summary": {"covered_lines": 0, "num_statements": 93, "percent_covered": 0.0, "percent_covered_display": "0", "missing_lines": 93, "excluded_lines": 0}, "missing_lines": [1, 2, 3, 4, 6, 8, 9, 11, 12, 13, 14, 15, 16, 17, 18, 21, 22, 23, 24, 25, 26, 29, 30, 31, 32, 35, 36, 37, 38, 39, 42, 43, 44, 47, 48, 50, 51, 53, 54, 57, 58, 59, 62, 63, 64, 67, 68, 69, 72, 73, 74, 77, 78, 79, 81, 84, 86, 87, 89, 90, 91, 92, 95, 96, 99, 100, 101, 104, 105, 106, 109, 111, 112, 114, 115, 118, 119, 120, 121, 124, 125, 126, 127, 130, 131, 132, 135, 136, 137, 140, 141, 142, 143], "excluded_lines": []}}, "classes": {"Course": {"executed_lines": [], "summary": {"covered_lines": 0, "num_statements": 0, "percent_covered": 100.0, "percent_covered_display": "100", "missing_lines": 0, "excluded_lines": 0}, "missing_lines": [], "excluded_lines": []}, "ProcessingLog": {"executed_lines": [], "summary": {"covered_lines": 0, "num_statements": 0, "percent_covered": 100.0, "percent_covered_display": "100", "missing_lines": 0, "excluded_lines": 0}, "missing_lines": [], "excluded_lines": []}, "UserSession": {"executed_lines": [], "summary": {"covered_lines": 0, "num_statements": 0, "percent_covered": 100.0, "percent_covered_display": "100", "missing_lines": 0, "excluded_lines": 0}, "missing_lines": [], "excluded_lines": []}, "SystemMetrics": {"executed_lines": [], "summary": {"covered_lines": 0, "num_statements": 0, "percent_covered": 100.0, "percent_covered_display": "100", "missing_lines": 0, "excluded_lines": 0}, "missing_lines": [], "excluded_lines": []}, "": {"executed_lines": [], "summary": {"covered_lines": 0, "num_statements": 93, "percent_covered": 0.0, "percent_covered_display": "0", "missing_lines": 93, "excluded_lines": 0}, "missing_lines": [1, 2, 3, 4, 6, 8, 9, 11, 12, 13, 14, 15, 16, 17, 18, 21, 22, 23, 24, 25, 26, 29, 30, 31, 32, 35, 36, 37, 38, 39, 42, 43, 44, 47, 48, 50, 51, 53, 54, 57, 58, 59, 62, 63, 64, 67, 68, 69, 72, 73, 74, 77, 78, 79, 81, 84, 86, 87, 89, 90, 91, 92, 95, 96, 99, 100, 101, 104, 105, 106, 109, 111, 112, 114, 115, 118, 119, 120, 121, 124, 125, 126, 127, 130, 131, 132, 135, 136, 137, 140, 141, 142, 143], "excluded_lines": []}}}, "run_tests.py": {"executed_lines": [], "summary": {"covered_lines": 0, "num_statements": 50, "percent_covered": 0.0, "percent_covered_display": "0", "missing_lines": 50, "excluded_lines": 0}, "missing_lines": [7, 8, 9, 10, 11, 13, 15, 17, 18, 20, 22, 23, 25, 26, 29, 31, 32, 34, 35, 36, 38, 40, 41, 42, 44, 45, 47, 49, 51, 53, 55, 56, 57, 58, 59, 60, 62, 64, 65, 67, 68, 69, 70, 71, 72, 73, 75, 77, 78, 79], "excluded_lines": [], "functions": {"run_tests": {"executed_lines": [], "summary": {"covered_lines": 0, "num_statements": 22, "percent_covered": 0.0, "percent_covered_display": "0", "missing_lines": 22, "excluded_lines": 0}, "missing_lines": [15, 17, 18, 20, 22, 23, 25, 26, 29, 31, 32, 34, 35, 36, 38, 40, 41, 42, 44, 45, 47, 49], "excluded_lines": []}, "main": {"executed_lines": [], "summary": {"covered_lines": 0, "num_statements": 18, "percent_covered": 0.0, "percent_covered_display": "0", "missing_lines": 18, "excluded_lines": 0}, "missing_lines": [53, 55, 56, 57, 58, 59, 60, 62, 64, 65, 67, 68, 69, 70, 71, 72, 73, 75], "excluded_lines": []}, "": {"executed_lines": [], "summary": {"covered_lines": 0, "num_statements": 10, "percent_covered": 0.0, "percent_covered_display": "0", "missing_lines": 10, "excluded_lines": 0}, "missing_lines": [7, 8, 9, 10, 11, 13, 51, 77, 78, 79], "excluded_lines": []}}, "classes": {"": {"executed_lines": [], "summary": {"covered_lines": 0, "num_statements": 50, "percent_covered": 0.0, "percent_covered_display": "0", "missing_lines": 50, "excluded_lines": 0}, "missing_lines": [7, 8, 9, 10, 11, 13, 15, 17, 18, 20, 22, 23, 25, 26, 29, 31, 32, 34, 35, 36, 38, 40, 41, 42, 44, 45, 47, 49, 51, 53, 55, 56, 57, 58, 59, 60, 62, 64, 65, 67, 68, 69, 70, 71, 72, 73, 75, 77, 78, 79], "excluded_lines": []}}}, "services/ai_service.py": {"executed_lines": [1, 2, 3, 4, 5, 6, 7, 9, 11, 12, 13, 14, 15, 17, 19, 24, 28, 84, 86, 87, 90, 92, 93, 95, 101, 113, 114, 115, 118, 120, 123, 124, 125, 126, 137, 139, 140, 141, 142, 145, 148, 204, 206, 208, 212, 213, 214, 218, 221, 222, 223, 239, 241, 256, 258, 259, 260, 261, 264, 265, 267], "summary": {"covered_lines": 61, "num_statements": 105, "percent_covered": 58.095238095238095, "percent_covered_display": "58", "missing_lines": 44, "excluded_lines": 0}, "missing_lines": [26, 30, 31, 32, 34, 36, 37, 39, 46, 63, 64, 65, 68, 70, 71, 73, 75, 76, 78, 79, 80, 82, 88, 128, 129, 131, 132, 133, 135, 146, 209, 215, 219, 243, 244, 245, 246, 249, 250, 252, 253, 254, 268, 269], "excluded_lines": [], "functions": {"AIService.__init__": {"executed_lines": [13, 14, 15], "summary": {"covered_lines": 3, "num_statements": 3, "percent_covered": 100.0, "percent_covered_display": "100", "missing_lines": 0, "excluded_lines": 0}, "missing_lines": [], "excluded_lines": []}, "AIService.is_healthy": {"executed_lines": [19], "summary": {"covered_lines": 1, "num_statements": 1, "percent_covered": 100.0, "percent_covered_display": "100", "missing_lines": 0, "excluded_lines": 0}, "missing_lines": [], "excluded_lines": []}, "AIService.get_last_cost": {"executed_lines": [], "summary": {"covered_lines": 0, "num_statements": 1, "percent_covered": 0.0, "percent_covered_display": "0", "missing_lines": 1, "excluded_lines": 0}, "missing_lines": [26], "excluded_lines": []}, "AIService.generate_course_openrouter": {"executed_lines": [], "summary": {"covered_lines": 0, "num_statements": 21, "percent_covered": 0.0, "percent_covered_display": "0", "missing_lines": 21, "excluded_lines": 0}, "missing_lines": [30, 31, 32, 34, 36, 37, 39, 46, 63, 64, 65, 68, 70, 71, 73, 75, 76, 78, 79, 80, 82], "excluded_lines": []}, "AIService.generate_course_claude": {"executed_lines": [86, 87, 90, 92, 93, 95, 101, 113, 114, 115, 118, 120, 123, 124, 125, 126], "summary": {"covered_lines": 16, "num_statements": 23, "percent_covered": 69.56521739130434, "percent_covered_display": "70", "missing_lines": 7, "excluded_lines": 0}, "missing_lines": [88, 128, 129, 131, 132, 133, 135], "excluded_lines": []}, "AIService._create_course_prompt": {"executed_lines": [139, 140, 141, 142, 145, 148, 204], "summary": {"covered_lines": 7, "num_statements": 8, "percent_covered": 87.5, "percent_covered_display": "88", "missing_lines": 1, "excluded_lines": 0}, "missing_lines": [146], "excluded_lines": []}, "AIService._validate_and_format_course": {"executed_lines": [208, 212, 213, 214, 218, 221, 222, 223, 239], "summary": {"covered_lines": 9, "num_statements": 12, "percent_covered": 75.0, "percent_covered_display": "75", "missing_lines": 3, "excluded_lines": 0}, "missing_lines": [209, 215, 219], "excluded_lines": []}, "AIService._calculate_openrouter_cost": {"executed_lines": [], "summary": {"covered_lines": 0, "num_statements": 9, "percent_covered": 0.0, "percent_covered_display": "0", "missing_lines": 9, "excluded_lines": 0}, "missing_lines": [243, 244, 245, 246, 249, 250, 252, 253, 254], "excluded_lines": []}, "AIService._calculate_claude_cost": {"executed_lines": [258, 259, 260, 261, 264, 265, 267], "summary": {"covered_lines": 7, "num_statements": 9, "percent_covered": 77.77777777777777, "percent_covered_display": "78", "missing_lines": 2, "excluded_lines": 0}, "missing_lines": [268, 269], "excluded_lines": []}, "": {"executed_lines": [1, 2, 3, 4, 5, 6, 7, 9, 11, 12, 17, 24, 28, 84, 137, 206, 241, 256], "summary": {"covered_lines": 18, "num_statements": 18, "percent_covered": 100.0, "percent_covered_display": "100", "missing_lines": 0, "excluded_lines": 0}, "missing_lines": [], "excluded_lines": []}}, "classes": {"AIService": {"executed_lines": [13, 14, 15, 19, 86, 87, 90, 92, 93, 95, 101, 113, 114, 115, 118, 120, 123, 124, 125, 126, 139, 140, 141, 142, 145, 148, 204, 208, 212, 213, 214, 218, 221, 222, 223, 239, 258, 259, 260, 261, 264, 265, 267], "summary": {"covered_lines": 43, "num_statements": 87, "percent_covered": 49.42528735632184, "percent_covered_display": "49", "missing_lines": 44, "excluded_lines": 0}, "missing_lines": [26, 30, 31, 32, 34, 36, 37, 39, 46, 63, 64, 65, 68, 70, 71, 73, 75, 76, 78, 79, 80, 82, 88, 128, 129, 131, 132, 133, 135, 146, 209, 215, 219, 243, 244, 245, 246, 249, 250, 252, 253, 254, 268, 269], "excluded_lines": []}, "": {"executed_lines": [1, 2, 3, 4, 5, 6, 7, 9, 11, 12, 17, 24, 28, 84, 137, 206, 241, 256], "summary": {"covered_lines": 18, "num_statements": 18, "percent_covered": 100.0, "percent_covered_display": "100", "missing_lines": 0, "excluded_lines": 0}, "missing_lines": [], "excluded_lines": []}}}, "services/course_generator.py": {"executed_lines": [1, 2, 3, 4, 6, 8, 9, 10, 12, 14, 15, 17, 18, 19, 22, 25, 37, 43, 45, 48, 54, 55, 56, 57, 58, 61, 69, 70, 71, 72, 73, 76, 83, 84, 85, 86, 88, 91, 98, 100, 106, 107, 108, 111, 113, 115, 116, 119, 150, 151, 152, 154, 156, 167, 169, 171, 173, 236, 237, 238, 239, 240, 241, 243, 245, 247, 249, 250, 255, 256, 261, 262, 267, 268, 273, 274, 279, 280, 292, 294, 300, 302, 304, 307, 309, 311, 313, 314, 316, 317, 318, 320, 321, 323, 325, 326, 328, 329, 333, 335, 341, 348], "summary": {"covered_lines": 102, "num_statements": 112, "percent_covered": 91.07142857142857, "percent_covered_display": "91", "missing_lines": 10, "excluded_lines": 0}, "missing_lines": [39, 40, 41, 87, 89, 109, 286, 303, 305, 331], "excluded_lines": [], "functions": {"CourseGenerator.__init__": {"executed_lines": [10], "summary": {"covered_lines": 1, "num_statements": 1, "percent_covered": 100.0, "percent_covered_display": "100", "missing_lines": 0, "excluded_lines": 0}, "missing_lines": [], "excluded_lines": []}, "CourseGenerator.generate_structured_fallback": {"executed_lines": [14, 15, 17, 18, 19, 22, 25, 37], "summary": {"covered_lines": 8, "num_statements": 11, "percent_covered": 72.72727272727273, "percent_covered_display": "73", "missing_lines": 3, "excluded_lines": 0}, "missing_lines": [39, 40, 41], "excluded_lines": []}, "CourseGenerator._analyze_content": {"executed_lines": [45, 48, 54, 55, 56, 57, 58, 61, 69, 70, 71, 72, 73, 76, 83, 84, 85, 86, 88, 91], "summary": {"covered_lines": 20, "num_statements": 22, "percent_covered": 90.9090909090909, "percent_covered_display": "91", "missing_lines": 2, "excluded_lines": 0}, "missing_lines": [87, 89], "excluded_lines": []}, "CourseGenerator._extract_themes": {"executed_lines": [100, 106, 107, 108, 111], "summary": {"covered_lines": 5, "num_statements": 6, "percent_covered": 83.33333333333333, "percent_covered_display": "83", "missing_lines": 1, "excluded_lines": 0}, "missing_lines": [109], "excluded_lines": []}, "CourseGenerator._generate_daily_structure": {"executed_lines": [115, 116, 119, 150, 151, 152, 154, 156, 167, 169], "summary": {"covered_lines": 10, "num_statements": 10, "percent_covered": 100.0, "percent_covered_display": "100", "missing_lines": 0, "excluded_lines": 0}, "missing_lines": [], "excluded_lines": []}, "CourseGenerator._generate_activities": {"executed_lines": [173, 236, 237, 238, 239, 240, 241, 243], "summary": {"covered_lines": 8, "num_statements": 8, "percent_covered": 100.0, "percent_covered_display": "100", "missing_lines": 0, "excluded_lines": 0}, "missing_lines": [], "excluded_lines": []}, "CourseGenerator._generate_objectives": {"executed_lines": [247, 249, 250, 255, 256, 261, 262, 267, 268, 273, 274, 279, 280], "summary": {"covered_lines": 13, "num_statements": 14, "percent_covered": 92.85714285714286, "percent_covered_display": "93", "missing_lines": 1, "excluded_lines": 0}, "missing_lines": [286], "excluded_lines": []}, "CourseGenerator._generate_takeaways": {"executed_lines": [294], "summary": {"covered_lines": 1, "num_statements": 1, "percent_covered": 100.0, "percent_covered_display": "100", "missing_lines": 0, "excluded_lines": 0}, "missing_lines": [], "excluded_lines": []}, "CourseGenerator._generate_homework": {"executed_lines": [302, 304, 307], "summary": {"covered_lines": 3, "num_statements": 5, "percent_covered": 60.0, "percent_covered_display": "60", "missing_lines": 2, "excluded_lines": 0}, "missing_lines": [303, 305], "excluded_lines": []}, "CourseGenerator._calculate_day_time": {"executed_lines": [311, 313, 314, 316, 317, 318, 320, 321, 323, 325, 326, 328, 329], "summary": {"covered_lines": 13, "num_statements": 14, "percent_covered": 92.85714285714286, "percent_covered_display": "93", "missing_lines": 1, "excluded_lines": 0}, "missing_lines": [331], "excluded_lines": []}, "CourseGenerator._generate_resources": {"executed_lines": [335, 341, 348], "summary": {"covered_lines": 3, "num_statements": 3, "percent_covered": 100.0, "percent_covered_display": "100", "missing_lines": 0, "excluded_lines": 0}, "missing_lines": [], "excluded_lines": []}, "": {"executed_lines": [1, 2, 3, 4, 6, 8, 9, 12, 43, 98, 113, 171, 245, 292, 300, 309, 333], "summary": {"covered_lines": 17, "num_statements": 17, "percent_covered": 100.0, "percent_covered_display": "100", "missing_lines": 0, "excluded_lines": 0}, "missing_lines": [], "excluded_lines": []}}, "classes": {"CourseGenerator": {"executed_lines": [10, 14, 15, 17, 18, 19, 22, 25, 37, 45, 48, 54, 55, 56, 57, 58, 61, 69, 70, 71, 72, 73, 76, 83, 84, 85, 86, 88, 91, 100, 106, 107, 108, 111, 115, 116, 119, 150, 151, 152, 154, 156, 167, 169, 173, 236, 237, 238, 239, 240, 241, 243, 247, 249, 250, 255, 256, 261, 262, 267, 268, 273, 274, 279, 280, 294, 302, 304, 307, 311, 313, 314, 316, 317, 318, 320, 321, 323, 325, 326, 328, 329, 335, 341, 348], "summary": {"covered_lines": 85, "num_statements": 95, "percent_covered": 89.47368421052632, "percent_covered_display": "89", "missing_lines": 10, "excluded_lines": 0}, "missing_lines": [39, 40, 41, 87, 89, 109, 286, 303, 305, 331], "excluded_lines": []}, "": {"executed_lines": [1, 2, 3, 4, 6, 8, 9, 12, 43, 98, 113, 171, 245, 292, 300, 309, 333], "summary": {"covered_lines": 17, "num_statements": 17, "percent_covered": 100.0, "percent_covered_display": "100", "missing_lines": 0, "excluded_lines": 0}, "missing_lines": [], "excluded_lines": []}}}, "services/database_service.py": {"executed_lines": [1, 2, 3, 4, 5, 6, 7, 9, 11, 12, 13, 14, 15, 17, 19, 20, 21, 23, 25, 26, 27, 30, 62, 86, 104, 105, 106, 107, 109, 110, 111, 118, 121, 122, 123, 125, 163, 164, 165, 167, 168, 176, 224, 254, 278, 280, 281, 282, 284, 289, 290, 292, 293, 300, 323, 376], "summary": {"covered_lines": 56, "num_statements": 140, "percent_covered": 40.0, "percent_covered_display": "40", "missing_lines": 84, "excluded_lines": 0}, "missing_lines": [113, 114, 115, 116, 170, 171, 172, 173, 174, 178, 179, 180, 183, 184, 185, 186, 188, 213, 214, 215, 216, 218, 219, 220, 221, 222, 226, 227, 228, 230, 244, 245, 246, 248, 249, 250, 251, 252, 256, 257, 258, 260, 267, 268, 270, 271, 272, 274, 275, 276, 294, 296, 297, 298, 302, 303, 304, 306, 314, 315, 317, 319, 320, 321, 325, 326, 327, 330, 331, 334, 335, 338, 339, 342, 353, 356, 360, 362, 364, 372, 373, 374, 378, 379], "excluded_lines": [], "functions": {"DatabaseService.__init__": {"executed_lines": [13, 14, 15], "summary": {"covered_lines": 3, "num_statements": 3, "percent_covered": 100.0, "percent_covered_display": "100", "missing_lines": 0, "excluded_lines": 0}, "missing_lines": [], "excluded_lines": []}, "DatabaseService.get_connection": {"executed_lines": [19, 20, 21], "summary": {"covered_lines": 3, "num_statements": 3, "percent_covered": 100.0, "percent_covered_display": "100", "missing_lines": 0, "excluded_lines": 0}, "missing_lines": [], "excluded_lines": []}, "DatabaseService.init_database": {"executed_lines": [25, 26, 27, 30, 62, 86, 104, 105, 106, 107, 109, 110, 111], "summary": {"covered_lines": 13, "num_statements": 17, "percent_covered": 76.47058823529412, "percent_covered_display": "76", "missing_lines": 4, "excluded_lines": 0}, "missing_lines": [113, 114, 115, 116], "excluded_lines": []}, "DatabaseService.save_course": {"executed_lines": [121, 122, 123, 125, 163, 164, 165, 167, 168], "summary": {"covered_lines": 9, "num_statements": 14, "percent_covered": 64.28571428571429, "percent_covered_display": "64", "missing_lines": 5, "excluded_lines": 0}, "missing_lines": [170, 171, 172, 173, 174], "excluded_lines": []}, "DatabaseService.save_processing_log": {"executed_lines": [], "summary": {"covered_lines": 0, "num_statements": 17, "percent_covered": 0.0, "percent_covered_display": "0", "missing_lines": 17, "excluded_lines": 0}, "missing_lines": [178, 179, 180, 183, 184, 185, 186, 188, 213, 214, 215, 216, 218, 219, 220, 221, 222], "excluded_lines": []}, "DatabaseService.save_user_session": {"executed_lines": [], "summary": {"covered_lines": 0, "num_statements": 12, "percent_covered": 0.0, "percent_covered_display": "0", "missing_lines": 12, "excluded_lines": 0}, "missing_lines": [226, 227, 228, 230, 244, 245, 246, 248, 249, 250, 251, 252], "excluded_lines": []}, "DatabaseService.get_course_by_url": {"executed_lines": [], "summary": {"covered_lines": 0, "num_statements": 12, "percent_covered": 0.0, "percent_covered_display": "0", "missing_lines": 12, "excluded_lines": 0}, "missing_lines": [256, 257, 258, 260, 267, 268, 270, 271, 272, 274, 275, 276], "excluded_lines": []}, "DatabaseService.get_course_by_id": {"executed_lines": [280, 281, 282, 284, 289, 290, 292, 293], "summary": {"covered_lines": 8, "num_statements": 12, "percent_covered": 66.66666666666667, "percent_covered_display": "67", "missing_lines": 4, "excluded_lines": 0}, "missing_lines": [294, 296, 297, 298], "excluded_lines": []}, "DatabaseService.get_recent_courses": {"executed_lines": [], "summary": {"covered_lines": 0, "num_statements": 10, "percent_covered": 0.0, "percent_covered_display": "0", "missing_lines": 10, "excluded_lines": 0}, "missing_lines": [302, 303, 304, 306, 314, 315, 317, 319, 320, 321], "excluded_lines": []}, "DatabaseService.get_database_stats": {"executed_lines": [], "summary": {"covered_lines": 0, "num_statements": 18, "percent_covered": 0.0, "percent_covered_display": "0", "missing_lines": 18, "excluded_lines": 0}, "missing_lines": [325, 326, 327, 330, 331, 334, 335, 338, 339, 342, 353, 356, 360, 362, 364, 372, 373, 374], "excluded_lines": []}, "DatabaseService.close_connection": {"executed_lines": [], "summary": {"covered_lines": 0, "num_statements": 2, "percent_covered": 0.0, "percent_covered_display": "0", "missing_lines": 2, "excluded_lines": 0}, "missing_lines": [378, 379], "excluded_lines": []}, "": {"executed_lines": [1, 2, 3, 4, 5, 6, 7, 9, 11, 12, 17, 23, 118, 176, 224, 254, 278, 300, 323, 376], "summary": {"covered_lines": 20, "num_statements": 20, "percent_covered": 100.0, "percent_covered_display": "100", "missing_lines": 0, "excluded_lines": 0}, "missing_lines": [], "excluded_lines": []}}, "classes": {"DatabaseService": {"executed_lines": [13, 14, 15, 19, 20, 21, 25, 26, 27, 30, 62, 86, 104, 105, 106, 107, 109, 110, 111, 121, 122, 123, 125, 163, 164, 165, 167, 168, 280, 281, 282, 284, 289, 290, 292, 293], "summary": {"covered_lines": 36, "num_statements": 120, "percent_covered": 30.0, "percent_covered_display": "30", "missing_lines": 84, "excluded_lines": 0}, "missing_lines": [113, 114, 115, 116, 170, 171, 172, 173, 174, 178, 179, 180, 183, 184, 185, 186, 188, 213, 214, 215, 216, 218, 219, 220, 221, 222, 226, 227, 228, 230, 244, 245, 246, 248, 249, 250, 251, 252, 256, 257, 258, 260, 267, 268, 270, 271, 272, 274, 275, 276, 294, 296, 297, 298, 302, 303, 304, 306, 314, 315, 317, 319, 320, 321, 325, 326, 327, 330, 331, 334, 335, 338, 339, 342, 353, 356, 360, 362, 364, 372, 373, 374, 378, 379], "excluded_lines": []}, "": {"executed_lines": [1, 2, 3, 4, 5, 6, 7, 9, 11, 12, 17, 23, 118, 176, 224, 254, 278, 300, 323, 376], "summary": {"covered_lines": 20, "num_statements": 20, "percent_covered": 100.0, "percent_covered_display": "100", "missing_lines": 0, "excluded_lines": 0}, "missing_lines": [], "excluded_lines": []}}}, "services/transcript_service.py": {"executed_lines": [1, 2, 3, 4, 5, 6, 8, 10, 11, 12, 14, 16, 18, 56, 58, 59, 61, 63, 64, 65, 66, 67, 74, 76, 98, 100, 102, 107, 108, 109, 110, 112, 118, 120, 137, 139, 143, 146, 149, 152, 153, 155], "summary": {"covered_lines": 42, "num_statements": 91, "percent_covered": 46.15384615384615, "percent_covered_display": "46", "missing_lines": 49, "excluded_lines": 0}, "missing_lines": [20, 21, 22, 24, 26, 28, 33, 40, 41, 42, 43, 44, 45, 46, 48, 50, 51, 52, 54, 68, 70, 71, 72, 78, 81, 83, 85, 86, 87, 88, 89, 90, 92, 93, 94, 96, 113, 115, 116, 122, 124, 125, 127, 129, 130, 132, 133, 135, 140], "excluded_lines": [], "functions": {"TranscriptService.__init__": {"executed_lines": [12], "summary": {"covered_lines": 1, "num_statements": 1, "percent_covered": 100.0, "percent_covered_display": "100", "missing_lines": 0, "excluded_lines": 0}, "missing_lines": [], "excluded_lines": []}, "TranscriptService.is_healthy": {"executed_lines": [16], "summary": {"covered_lines": 1, "num_statements": 1, "percent_covered": 100.0, "percent_covered_display": "100", "missing_lines": 0, "excluded_lines": 0}, "missing_lines": [], "excluded_lines": []}, "TranscriptService.get_transcript_apify": {"executed_lines": [], "summary": {"covered_lines": 0, "num_statements": 19, "percent_covered": 0.0, "percent_covered_display": "0", "missing_lines": 19, "excluded_lines": 0}, "missing_lines": [20, 21, 22, 24, 26, 28, 33, 40, 41, 42, 43, 44, 45, 46, 48, 50, 51, 52, 54], "excluded_lines": []}, "TranscriptService.get_transcript_youtube": {"executed_lines": [58, 59, 61, 63, 64, 65, 66, 67, 74], "summary": {"covered_lines": 9, "num_statements": 13, "percent_covered": 69.23076923076923, "percent_covered_display": "69", "missing_lines": 4, "excluded_lines": 0}, "missing_lines": [68, 70, 71, 72], "excluded_lines": []}, "TranscriptService.get_transcript_backup": {"executed_lines": [], "summary": {"covered_lines": 0, "num_statements": 13, "percent_covered": 0.0, "percent_covered_display": "0", "missing_lines": 13, "excluded_lines": 0}, "missing_lines": [78, 81, 83, 85, 86, 87, 88, 89, 90, 92, 93, 94, 96], "excluded_lines": []}, "TranscriptService._extract_transcript_from_html": {"executed_lines": [100, 102, 107, 108, 109, 110, 112, 118], "summary": {"covered_lines": 8, "num_statements": 11, "percent_covered": 72.72727272727273, "percent_covered_display": "73", "missing_lines": 3, "excluded_lines": 0}, "missing_lines": [113, 115, 116], "excluded_lines": []}, "TranscriptService._parse_xml_transcript": {"executed_lines": [], "summary": {"covered_lines": 0, "num_statements": 9, "percent_covered": 0.0, "percent_covered_display": "0", "missing_lines": 9, "excluded_lines": 0}, "missing_lines": [122, 124, 125, 127, 129, 130, 132, 133, 135], "excluded_lines": []}, "TranscriptService._clean_transcript": {"executed_lines": [139, 143, 146, 149, 152, 153, 155], "summary": {"covered_lines": 7, "num_statements": 8, "percent_covered": 87.5, "percent_covered_display": "88", "missing_lines": 1, "excluded_lines": 0}, "missing_lines": [140], "excluded_lines": []}, "": {"executed_lines": [1, 2, 3, 4, 5, 6, 8, 10, 11, 14, 18, 56, 76, 98, 120, 137], "summary": {"covered_lines": 16, "num_statements": 16, "percent_covered": 100.0, "percent_covered_display": "100", "missing_lines": 0, "excluded_lines": 0}, "missing_lines": [], "excluded_lines": []}}, "classes": {"TranscriptService": {"executed_lines": [12, 16, 58, 59, 61, 63, 64, 65, 66, 67, 74, 100, 102, 107, 108, 109, 110, 112, 118, 139, 143, 146, 149, 152, 153, 155], "summary": {"covered_lines": 26, "num_statements": 75, "percent_covered": 34.666666666666664, "percent_covered_display": "35", "missing_lines": 49, "excluded_lines": 0}, "missing_lines": [20, 21, 22, 24, 26, 28, 33, 40, 41, 42, 43, 44, 45, 46, 48, 50, 51, 52, 54, 68, 70, 71, 72, 78, 81, 83, 85, 86, 87, 88, 89, 90, 92, 93, 94, 96, 113, 115, 116, 122, 124, 125, 127, 129, 130, 132, 133, 135, 140], "excluded_lines": []}, "": {"executed_lines": [1, 2, 3, 4, 5, 6, 8, 10, 11, 14, 18, 56, 76, 98, 120, 137], "summary": {"covered_lines": 16, "num_statements": 16, "percent_covered": 100.0, "percent_covered_display": "100", "missing_lines": 0, "excluded_lines": 0}, "missing_lines": [], "excluded_lines": []}}}, "services/youtube_service.py": {"executed_lines": [1, 2, 3, 4, 5, 6, 7, 8, 10, 12, 13, 14, 15, 17, 19, 21, 23, 24, 25, 28, 29, 30, 36, 37, 38, 39, 40, 41, 51, 84, 103, 105, 110, 111, 112, 113, 115, 117, 119, 120, 121, 123, 137], "summary": {"covered_lines": 43, "num_statements": 88, "percent_covered": 48.86363636363637, "percent_covered_display": "49", "missing_lines": 45, "excluded_lines": 0}, "missing_lines": [26, 43, 45, 46, 47, 49, 53, 54, 55, 56, 59, 61, 63, 64, 65, 66, 78, 79, 80, 82, 86, 87, 88, 89, 91, 92, 93, 94, 95, 97, 98, 99, 101, 139, 141, 142, 143, 146, 147, 150, 151, 153, 165, 166, 167], "excluded_lines": [], "functions": {"YouTubeService.__init__": {"executed_lines": [14, 15], "summary": {"covered_lines": 2, "num_statements": 2, "percent_covered": 100.0, "percent_covered_display": "100", "missing_lines": 0, "excluded_lines": 0}, "missing_lines": [], "excluded_lines": []}, "YouTubeService.is_healthy": {"executed_lines": [19], "summary": {"covered_lines": 1, "num_statements": 1, "percent_covered": 100.0, "percent_covered_display": "100", "missing_lines": 0, "excluded_lines": 0}, "missing_lines": [], "excluded_lines": []}, "YouTubeService.get_video_info": {"executed_lines": [23, 24, 25, 28, 29, 30, 36, 37, 38, 39, 40, 41], "summary": {"covered_lines": 12, "num_statements": 18, "percent_covered": 66.66666666666667, "percent_covered_display": "67", "missing_lines": 6, "excluded_lines": 0}, "missing_lines": [26, 43, 45, 46, 47, 49], "excluded_lines": []}, "YouTubeService.get_video_info_backup": {"executed_lines": [], "summary": {"covered_lines": 0, "num_statements": 14, "percent_covered": 0.0, "percent_covered_display": "0", "missing_lines": 14, "excluded_lines": 0}, "missing_lines": [53, 54, 55, 56, 59, 61, 63, 64, 65, 66, 78, 79, 80, 82], "excluded_lines": []}, "YouTubeService.scrape_video_info": {"executed_lines": [], "summary": {"covered_lines": 0, "num_statements": 13, "percent_covered": 0.0, "percent_covered_display": "0", "missing_lines": 13, "excluded_lines": 0}, "missing_lines": [86, 87, 88, 89, 91, 92, 93, 94, 95, 97, 98, 99, 101], "excluded_lines": []}, "YouTubeService._extract_video_id": {"executed_lines": [105, 110, 111, 112, 113, 115], "summary": {"covered_lines": 6, "num_statements": 6, "percent_covered": 100.0, "percent_covered_display": "100", "missing_lines": 0, "excluded_lines": 0}, "missing_lines": [], "excluded_lines": []}, "YouTubeService._format_video_info": {"executed_lines": [119, 120, 121, 123], "summary": {"covered_lines": 4, "num_statements": 4, "percent_covered": 100.0, "percent_covered_display": "100", "missing_lines": 0, "excluded_lines": 0}, "missing_lines": [], "excluded_lines": []}, "YouTubeService._parse_youtube_page": {"executed_lines": [], "summary": {"covered_lines": 0, "num_statements": 12, "percent_covered": 0.0, "percent_covered_display": "0", "missing_lines": 12, "excluded_lines": 0}, "missing_lines": [139, 141, 142, 143, 146, 147, 150, 151, 153, 165, 166, 167], "excluded_lines": []}, "": {"executed_lines": [1, 2, 3, 4, 5, 6, 7, 8, 10, 12, 13, 17, 21, 51, 84, 103, 117, 137], "summary": {"covered_lines": 18, "num_statements": 18, "percent_covered": 100.0, "percent_covered_display": "100", "missing_lines": 0, "excluded_lines": 0}, "missing_lines": [], "excluded_lines": []}}, "classes": {"YouTubeService": {"executed_lines": [14, 15, 19, 23, 24, 25, 28, 29, 30, 36, 37, 38, 39, 40, 41, 105, 110, 111, 112, 113, 115, 119, 120, 121, 123], "summary": {"covered_lines": 25, "num_statements": 70, "percent_covered": 35.714285714285715, "percent_covered_display": "36", "missing_lines": 45, "excluded_lines": 0}, "missing_lines": [26, 43, 45, 46, 47, 49, 53, 54, 55, 56, 59, 61, 63, 64, 65, 66, 78, 79, 80, 82, 86, 87, 88, 89, 91, 92, 93, 94, 95, 97, 98, 99, 101, 139, 141, 142, 143, 146, 147, 150, 151, 153, 165, 166, 167], "excluded_lines": []}, "": {"executed_lines": [1, 2, 3, 4, 5, 6, 7, 8, 10, 12, 13, 17, 21, 51, 84, 103, 117, 137], "summary": {"covered_lines": 18, "num_statements": 18, "percent_covered": 100.0, "percent_covered_display": "100", "missing_lines": 0, "excluded_lines": 0}, "missing_lines": [], "excluded_lines": []}}}, "test_runner.py": {"executed_lines": [2, 7, 8, 9, 10, 11, 12, 13, 14, 16, 18, 19, 20, 21, 22, 24, 67, 100, 110, 149, 151, 152, 154, 155, 156, 157, 159, 161, 172, 174, 175, 177, 178, 180, 181, 203, 204, 206, 208, 212, 217, 223, 224, 230, 231, 239], "summary": {"covered_lines": 45, "num_statements": 134, "percent_covered": 33.582089552238806, "percent_covered_display": "34", "missing_lines": 89, "excluded_lines": 0}, "missing_lines": [26, 28, 29, 31, 32, 34, 35, 37, 39, 40, 41, 43, 50, 51, 54, 56, 57, 59, 60, 61, 69, 71, 72, 73, 75, 86, 87, 90, 102, 103, 104, 105, 106, 107, 108, 112, 113, 115, 116, 118, 119, 120, 121, 122, 123, 124, 125, 126, 127, 128, 129, 130, 131, 132, 134, 135, 137, 138, 139, 140, 141, 142, 143, 144, 145, 147, 163, 164, 165, 167, 168, 169, 183, 184, 185, 186, 188, 189, 195, 197, 209, 210, 218, 226, 233, 234, 235, 237, 240], "excluded_lines": [], "functions": {"TestRunner.__init__": {"executed_lines": [20, 21, 22], "summary": {"covered_lines": 3, "num_statements": 3, "percent_covered": 100.0, "percent_covered_display": "100", "missing_lines": 0, "excluded_lines": 0}, "missing_lines": [], "excluded_lines": []}, "TestRunner.run_tests": {"executed_lines": [], "summary": {"covered_lines": 0, "num_statements": 20, "percent_covered": 0.0, "percent_covered_display": "0", "missing_lines": 20, "excluded_lines": 0}, "missing_lines": [26, 28, 29, 31, 32, 34, 35, 37, 39, 40, 41, 43, 50, 51, 54, 56, 57, 59, 60, 61], "excluded_lines": []}, "TestRunner._parse_results": {"executed_lines": [], "summary": {"covered_lines": 0, "num_statements": 8, "percent_covered": 0.0, "percent_covered_display": "0", "missing_lines": 8, "excluded_lines": 0}, "missing_lines": [69, 71, 72, 73, 75, 86, 87, 90], "excluded_lines": []}, "TestRunner._get_coverage_data": {"executed_lines": [], "summary": {"covered_lines": 0, "num_statements": 7, "percent_covered": 0.0, "percent_covered_display": "0", "missing_lines": 7, "excluded_lines": 0}, "missing_lines": [102, 103, 104, 105, 106, 107, 108], "excluded_lines": []}, "TestRunner._parse_text_output": {"executed_lines": [], "summary": {"covered_lines": 0, "num_statements": 31, "percent_covered": 0.0, "percent_covered_display": "0", "missing_lines": 31, "excluded_lines": 0}, "missing_lines": [112, 113, 115, 116, 118, 119, 120, 121, 122, 123, 124, 125, 126, 127, 128, 129, 130, 131, 132, 134, 135, 137, 138, 139, 140, 141, 142, 143, 144, 145, 147], "excluded_lines": []}, "TestRunner.get_test_files": {"executed_lines": [151, 152, 154, 155, 156, 157, 159], "summary": {"covered_lines": 7, "num_statements": 7, "percent_covered": 100.0, "percent_covered_display": "100", "missing_lines": 0, "excluded_lines": 0}, "missing_lines": [], "excluded_lines": []}, "TestRunner.run_async": {"executed_lines": [], "summary": {"covered_lines": 0, "num_statements": 4, "percent_covered": 0.0, "percent_covered_display": "0", "missing_lines": 4, "excluded_lines": 0}, "missing_lines": [163, 167, 168, 169], "excluded_lines": []}, "TestRunner.run_async.run_in_thread": {"executed_lines": [], "summary": {"covered_lines": 0, "num_statements": 2, "percent_covered": 0.0, "percent_covered_display": "0", "missing_lines": 2, "excluded_lines": 0}, "missing_lines": [164, 165], "excluded_lines": []}, "test_dashboard": {"executed_lines": [177, 178], "summary": {"covered_lines": 2, "num_statements": 2, "percent_covered": 100.0, "percent_covered_display": "100", "missing_lines": 0, "excluded_lines": 0}, "missing_lines": [], "excluded_lines": []}, "run_tests_api": {"executed_lines": [], "summary": {"covered_lines": 0, "num_statements": 8, "percent_covered": 0.0, "percent_covered_display": "0", "missing_lines": 8, "excluded_lines": 0}, "missing_lines": [183, 184, 185, 186, 188, 189, 195, 197], "excluded_lines": []}, "test_status": {"executed_lines": [206, 208, 212, 217], "summary": {"covered_lines": 4, "num_statements": 7, "percent_covered": 57.142857142857146, "percent_covered_display": "57", "missing_lines": 3, "excluded_lines": 0}, "missing_lines": [209, 210, 218], "excluded_lines": []}, "get_test_files": {"executed_lines": [], "summary": {"covered_lines": 0, "num_statements": 1, "percent_covered": 0.0, "percent_covered_display": "0", "missing_lines": 1, "excluded_lines": 0}, "missing_lines": [226], "excluded_lines": []}, "get_coverage": {"executed_lines": [], "summary": {"covered_lines": 0, "num_statements": 4, "percent_covered": 0.0, "percent_covered_display": "0", "missing_lines": 4, "excluded_lines": 0}, "missing_lines": [233, 234, 235, 237], "excluded_lines": []}, "": {"executed_lines": [2, 7, 8, 9, 10, 11, 12, 13, 14, 16, 18, 19, 24, 67, 100, 110, 149, 161, 172, 174, 175, 180, 181, 203, 204, 223, 224, 230, 231, 239], "summary": {"covered_lines": 29, "num_statements": 30, "percent_covered": 96.66666666666667, "percent_covered_display": "97", "missing_lines": 1, "excluded_lines": 0}, "missing_lines": [240], "excluded_lines": []}}, "classes": {"TestRunner": {"executed_lines": [20, 21, 22, 151, 152, 154, 155, 156, 157, 159], "summary": {"covered_lines": 10, "num_statements": 82, "percent_covered": 12.195121951219512, "percent_covered_display": "12", "missing_lines": 72, "excluded_lines": 0}, "missing_lines": [26, 28, 29, 31, 32, 34, 35, 37, 39, 40, 41, 43, 50, 51, 54, 56, 57, 59, 60, 61, 69, 71, 72, 73, 75, 86, 87, 90, 102, 103, 104, 105, 106, 107, 108, 112, 113, 115, 116, 118, 119, 120, 121, 122, 123, 124, 125, 126, 127, 128, 129, 130, 131, 132, 134, 135, 137, 138, 139, 140, 141, 142, 143, 144, 145, 147, 163, 164, 165, 167, 168, 169], "excluded_lines": []}, "": {"executed_lines": [2, 7, 8, 9, 10, 11, 12, 13, 14, 16, 18, 19, 24, 67, 100, 110, 149, 161, 172, 174, 175, 177, 178, 180, 181, 203, 204, 206, 208, 212, 217, 223, 224, 230, 231, 239], "summary": {"covered_lines": 35, "num_statements": 52, "percent_covered": 67.3076923076923, "percent_covered_display": "67", "missing_lines": 17, "excluded_lines": 0}, "missing_lines": [183, 184, 185, 186, 188, 189, 195, 197, 209, 210, 218, 226, 233, 234, 235, 237, 240], "excluded_lines": []}}}, "tests/__init__.py": {"executed_lines": [0], "summary": {"covered_lines": 0, "num_statements": 0, "percent_covered": 100.0, "percent_covered_display": "100", "missing_lines": 0, "excluded_lines": 0}, "missing_lines": [], "excluded_lines": [], "functions": {"": {"executed_lines": [], "summary": {"covered_lines": 0, "num_statements": 0, "percent_covered": 100.0, "percent_covered_display": "100", "missing_lines": 0, "excluded_lines": 0}, "missing_lines": [], "excluded_lines": []}}, "classes": {"": {"executed_lines": [], "summary": {"covered_lines": 0, "num_statements": 0, "percent_covered": 100.0, "percent_covered_display": "100", "missing_lines": 0, "excluded_lines": 0}, "missing_lines": [], "excluded_lines": []}}}, "tests/test_app.py": {"executed_lines": [1, 2, 3, 4, 5, 6, 7, 8, 9, 10, 12, 13, 15, 16, 17, 19, 20, 22, 23, 25, 26, 28, 29, 30, 31, 33, 35, 41, 42, 44, 45, 46, 47, 49, 51, 61, 63, 67, 69, 70, 72, 73, 75, 76, 77, 79, 81, 86, 88, 89, 91, 92, 93, 95, 97, 107, 109, 113, 115, 125, 127, 128, 129, 131, 133, 135, 136, 137, 139, 140, 142, 149, 151, 153, 155, 156, 158, 160, 162, 164, 165, 168, 170, 171, 173, 174, 177, 178, 179, 180, 181, 182, 185, 193, 196, 202, 203, 205, 206, 207, 209, 210, 211, 213, 214, 215, 217, 218, 221, 222], "summary": {"covered_lines": 110, "num_statements": 116, "percent_covered": 94.82758620689656, "percent_covered_display": "95", "missing_lines": 6, "excluded_lines": 0}, "missing_lines": [64, 65, 110, 111, 166, 175], "excluded_lines": [], "functions": {"client": {"executed_lines": [15, 16, 17], "summary": {"covered_lines": 3, "num_statements": 3, "percent_covered": 100.0, "percent_covered_display": "100", "missing_lines": 0, "excluded_lines": 0}, "missing_lines": [], "excluded_lines": []}, "mock_db_service": {"executed_lines": [22, 23], "summary": {"covered_lines": 2, "num_statements": 2, "percent_covered": 100.0, "percent_covered_display": "100", "missing_lines": 0, "excluded_lines": 0}, "missing_lines": [], "excluded_lines": []}, "TestRoutes.test_index_page": {"executed_lines": [28, 29, 30, 31], "summary": {"covered_lines": 4, "num_statements": 4, "percent_covered": 100.0, "percent_covered_display": "100", "missing_lines": 0, "excluded_lines": 0}, "missing_lines": [], "excluded_lines": []}, "TestRoutes.test_health_check": {"executed_lines": [35, 41, 42, 44, 45, 46, 47], "summary": {"covered_lines": 7, "num_statements": 7, "percent_covered": 100.0, "percent_covered_display": "100", "missing_lines": 0, "excluded_lines": 0}, "missing_lines": [], "excluded_lines": []}, "TestRoutes.test_courses_list": {"executed_lines": [51, 61, 63], "summary": {"covered_lines": 3, "num_statements": 5, "percent_covered": 60.0, "percent_covered_display": "60", "missing_lines": 2, "excluded_lines": 0}, "missing_lines": [64, 65], "excluded_lines": []}, "TestRoutes.test_api_courses_endpoint": {"executed_lines": [69, 70, 72, 73, 75, 76, 77], "summary": {"covered_lines": 7, "num_statements": 7, "percent_covered": 100.0, "percent_covered_display": "100", "missing_lines": 0, "excluded_lines": 0}, "missing_lines": [], "excluded_lines": []}, "TestRoutes.test_api_stats_endpoint": {"executed_lines": [81, 86, 88, 89, 91, 92, 93], "summary": {"covered_lines": 7, "num_statements": 7, "percent_covered": 100.0, "percent_covered_display": "100", "missing_lines": 0, "excluded_lines": 0}, "missing_lines": [], "excluded_lines": []}, "TestRoutes.test_course_view": {"executed_lines": [97, 107, 109], "summary": {"covered_lines": 3, "num_statements": 5, "percent_covered": 60.0, "percent_covered_display": "60", "missing_lines": 2, "excluded_lines": 0}, "missing_lines": [110, 111], "excluded_lines": []}, "TestRoutes.test_course_embed_view": {"executed_lines": [115, 125, 127, 128, 129], "summary": {"covered_lines": 5, "num_statements": 5, "percent_covered": 100.0, "percent_covered_display": "100", "missing_lines": 0, "excluded_lines": 0}, "missing_lines": [], "excluded_lines": []}, "TestRoutes.test_course_not_found": {"executed_lines": [133, 135, 136, 137], "summary": {"covered_lines": 4, "num_statements": 4, "percent_covered": 100.0, "percent_covered_display": "100", "missing_lines": 0, "excluded_lines": 0}, "missing_lines": [], "excluded_lines": []}, "TestRoutes.test_generate_course_api_success": {"executed_lines": [142, 149, 151, 153, 155, 156], "summary": {"covered_lines": 6, "num_statements": 6, "percent_covered": 100.0, "percent_covered_display": "100", "missing_lines": 0, "excluded_lines": 0}, "missing_lines": [], "excluded_lines": []}, "TestRoutes.test_generate_course_api_invalid_url": {"executed_lines": [160, 162, 164, 165], "summary": {"covered_lines": 4, "num_statements": 5, "percent_covered": 80.0, "percent_covered_display": "80", "missing_lines": 1, "excluded_lines": 0}, "missing_lines": [166], "excluded_lines": []}, "TestRoutes.test_generate_course_api_missing_url": {"executed_lines": [170, 171, 173, 174], "summary": {"covered_lines": 4, "num_statements": 5, "percent_covered": 80.0, "percent_covered_display": "80", "missing_lines": 1, "excluded_lines": 0}, "missing_lines": [175], "excluded_lines": []}, "TestCourseGeneration.test_process_youtube_video_success": {"executed_lines": [185, 193, 196, 202, 203, 205, 206, 207], "summary": {"covered_lines": 8, "num_statements": 8, "percent_covered": 100.0, "percent_covered_display": "100", "missing_lines": 0, "excluded_lines": 0}, "missing_lines": [], "excluded_lines": []}, "TestCourseGeneration.test_process_youtube_video_metadata_failure": {"executed_lines": [213, 214, 215, 217, 218, 221, 222], "summary": {"covered_lines": 7, "num_statements": 7, "percent_covered": 100.0, "percent_covered_display": "100", "missing_lines": 0, "excluded_lines": 0}, "missing_lines": [], "excluded_lines": []}, "": {"executed_lines": [1, 2, 3, 4, 5, 6, 7, 8, 9, 10, 12, 13, 19, 20, 25, 26, 33, 49, 67, 79, 95, 113, 131, 139, 140, 158, 168, 177, 178, 179, 180, 181, 182, 209, 210, 211], "summary": {"covered_lines": 36, "num_statements": 36, "percent_covered": 100.0, "percent_covered_display": "100", "missing_lines": 0, "excluded_lines": 0}, "missing_lines": [], "excluded_lines": []}}, "classes": {"TestRoutes": {"executed_lines": [28, 29, 30, 31, 35, 41, 42, 44, 45, 46, 47, 51, 61, 63, 69, 70, 72, 73, 75, 76, 77, 81, 86, 88, 89, 91, 92, 93, 97, 107, 109, 115, 125, 127, 128, 129, 133, 135, 136, 137, 142, 149, 151, 153, 155, 156, 160, 162, 164, 165, 170, 171, 173, 174], "summary": {"covered_lines": 54, "num_statements": 60, "percent_covered": 90.0, "percent_covered_display": "90", "missing_lines": 6, "excluded_lines": 0}, "missing_lines": [64, 65, 110, 111, 166, 175], "excluded_lines": []}, "TestCourseGeneration": {"executed_lines": [185, 193, 196, 202, 203, 205, 206, 207, 213, 214, 215, 217, 218, 221, 222], "summary": {"covered_lines": 15, "num_statements": 15, "percent_covered": 100.0, "percent_covered_display": "100", "missing_lines": 0, "excluded_lines": 0}, "missing_lines": [], "excluded_lines": []}, "": {"executed_lines": [1, 2, 3, 4, 5, 6, 7, 8, 9, 10, 12, 13, 15, 16, 17, 19, 20, 22, 23, 25, 26, 33, 49, 67, 79, 95, 113, 131, 139, 140, 158, 168, 177, 178, 179, 180, 181, 182, 209, 210, 211], "summary": {"covered_lines": 41, "num_statements": 41, "percent_covered": 100.0, "percent_covered_display": "100", "missing_lines": 0, "excluded_lines": 0}, "missing_lines": [], "excluded_lines": []}}}, "tests/test_services.py": {"executed_lines": [1, 2, 3, 4, 5, 6, 7, 8, 9, 11, 12, 15, 16, 18, 20, 27, 28, 29, 31, 32, 34, 36, 43, 44, 45, 47, 48, 49, 51, 53, 54, 55, 68, 70, 72, 73, 74, 76, 77, 78, 80, 82, 83, 88, 90, 94, 95, 97, 99, 100, 102, 106, 107, 110, 111, 112, 114, 116, 117, 118, 146, 148, 149, 151, 153, 154, 155, 157, 159, 161, 182, 183, 185, 186, 187, 189, 190, 192, 193, 195, 197, 198, 200, 201, 202, 203, 204, 206, 208, 214, 220, 228, 229, 231, 232, 234, 235, 236, 242, 243, 245, 246, 248, 249, 250, 252, 253, 254, 256, 258, 263, 265, 267, 268, 269, 270, 272, 274, 276, 277, 278, 280, 282, 286, 287, 289, 291, 292, 297, 303, 304, 305, 306, 308, 310, 312, 319, 320, 321], "summary": {"covered_lines": 139, "num_statements": 147, "percent_covered": 94.5578231292517, "percent_covered_display": "95", "missing_lines": 8, "excluded_lines": 0}, "missing_lines": [13, 91, 92, 103, 104, 108, 283, 284], "excluded_lines": [], "functions": {"TestYouTubeService.setUp": {"executed_lines": [], "summary": {"covered_lines": 0, "num_statements": 1, "percent_covered": 0.0, "percent_covered_display": "0", "missing_lines": 1, "excluded_lines": 0}, "missing_lines": [13], "excluded_lines": []}, "TestYouTubeService.test_extract_video_id_valid_urls": {"executed_lines": [18, 20, 27, 28, 29], "summary": {"covered_lines": 5, "num_statements": 5, "percent_covered": 100.0, "percent_covered_display": "100", "missing_lines": 0, "excluded_lines": 0}, "missing_lines": [], "excluded_lines": []}, "TestYouTubeService.test_extract_video_id_invalid_urls": {"executed_lines": [34, 36, 43, 44, 45], "summary": {"covered_lines": 5, "num_statements": 5, "percent_covered": 100.0, "percent_covered_display": "100", "missing_lines": 0, "excluded_lines": 0}, "missing_lines": [], "excluded_lines": []}, "TestYouTubeService.test_get_video_info_success": {"executed_lines": [51, 53, 54, 55, 68, 70, 72, 73, 74], "summary": {"covered_lines": 9, "num_statements": 9, "percent_covered": 100.0, "percent_covered_display": "100", "missing_lines": 0, "excluded_lines": 0}, "missing_lines": [], "excluded_lines": []}, "TestTranscriptService.test_get_transcript_youtube_success": {"executed_lines": [80, 82, 83, 88, 90], "summary": {"covered_lines": 5, "num_statements": 7, "percent_covered": 71.42857142857143, "percent_covered_display": "71", "missing_lines": 2, "excluded_lines": 0}, "missing_lines": [91, 92], "excluded_lines": []}, "TestTranscriptService.test_clean_transcript": {"executed_lines": [97, 99, 100, 102], "summary": {"covered_lines": 4, "num_statements": 6, "percent_covered": 66.66666666666667, "percent_covered_display": "67", "missing_lines": 2, "excluded_lines": 0}, "missing_lines": [103, 104], "excluded_lines": []}, "TestAIService.setUp": {"executed_lines": [], "summary": {"covered_lines": 0, "num_statements": 1, "percent_covered": 0.0, "percent_covered_display": "0", "missing_lines": 1, "excluded_lines": 0}, "missing_lines": [108], "excluded_lines": []}, "TestAIService.test_generate_course_claude_success": {"executed_lines": [114, 116, 117, 118, 146, 148, 149, 151, 153, 154, 155], "summary": {"covered_lines": 11, "num_statements": 11, "percent_covered": 100.0, "percent_covered_display": "100", "missing_lines": 0, "excluded_lines": 0}, "missing_lines": [], "excluded_lines": []}, "TestAIService.test_validate_and_format_course": {"executed_lines": [159, 161, 182, 183], "summary": {"covered_lines": 4, "num_statements": 4, "percent_covered": 100.0, "percent_covered_display": "100", "missing_lines": 0, "excluded_lines": 0}, "missing_lines": [], "excluded_lines": []}, "TestDatabaseService.test_database_connection": {"executed_lines": [189, 190, 192, 193, 195], "summary": {"covered_lines": 5, "num_statements": 5, "percent_covered": 100.0, "percent_covered_display": "100", "missing_lines": 0, "excluded_lines": 0}, "missing_lines": [], "excluded_lines": []}, "TestDatabaseService.test_save_course": {"executed_lines": [200, 201, 202, 203, 204, 206, 208, 214, 220, 228, 229], "summary": {"covered_lines": 11, "num_statements": 11, "percent_covered": 100.0, "percent_covered_display": "100", "missing_lines": 0, "excluded_lines": 0}, "missing_lines": [], "excluded_lines": []}, "TestDatabaseService.test_get_course_by_id": {"executed_lines": [234, 235, 236, 242, 243, 245, 246, 248, 249, 250], "summary": {"covered_lines": 10, "num_statements": 10, "percent_covered": 100.0, "percent_covered_display": "100", "missing_lines": 0, "excluded_lines": 0}, "missing_lines": [], "excluded_lines": []}, "TestCourseGenerator.test_generate_structured_fallback": {"executed_lines": [256, 258, 263, 265, 267, 268, 269, 270], "summary": {"covered_lines": 8, "num_statements": 8, "percent_covered": 100.0, "percent_covered_display": "100", "missing_lines": 0, "excluded_lines": 0}, "missing_lines": [], "excluded_lines": []}, "TestCourseGenerator.test_analyze_content": {"executed_lines": [274, 276, 277, 278, 280, 282], "summary": {"covered_lines": 6, "num_statements": 8, "percent_covered": 75.0, "percent_covered_display": "75", "missing_lines": 2, "excluded_lines": 0}, "missing_lines": [283, 284], "excluded_lines": []}, "TestFallbackGenerator.test_create_basic_course": {"executed_lines": [289, 291, 292, 297, 303, 304, 305, 306], "summary": {"covered_lines": 8, "num_statements": 8, "percent_covered": 100.0, "percent_covered_display": "100", "missing_lines": 0, "excluded_lines": 0}, "missing_lines": [], "excluded_lines": []}, "TestFallbackGenerator.test_determine_course_type": {"executed_lines": [310, 312, 319, 320, 321], "summary": {"covered_lines": 5, "num_statements": 5, "percent_covered": 100.0, "percent_covered_display": "100", "missing_lines": 0, "excluded_lines": 0}, "missing_lines": [], "excluded_lines": []}, "": {"executed_lines": [1, 2, 3, 4, 5, 6, 7, 8, 9, 11, 12, 15, 16, 31, 32, 47, 48, 49, 76, 77, 78, 94, 95, 106, 107, 110, 111, 112, 157, 185, 186, 187, 197, 198, 231, 232, 252, 253, 254, 272, 286, 287, 308], "summary": {"covered_lines": 43, "num_statements": 43, "percent_covered": 100.0, "percent_covered_display": "100", "missing_lines": 0, "excluded_lines": 0}, "missing_lines": [], "excluded_lines": []}}, "classes": {"TestYouTubeService": {"executed_lines": [18, 20, 27, 28, 29, 34, 36, 43, 44, 45, 51, 53, 54, 55, 68, 70, 72, 73, 74], "summary": {"covered_lines": 19, "num_statements": 20, "percent_covered": 95.0, "percent_covered_display": "95", "missing_lines": 1, "excluded_lines": 0}, "missing_lines": [13], "excluded_lines": []}, "TestTranscriptService": {"executed_lines": [80, 82, 83, 88, 90, 97, 99, 100, 102], "summary": {"covered_lines": 9, "num_statements": 13, "percent_covered": 69.23076923076923, "percent_covered_display": "69", "missing_lines": 4, "excluded_lines": 0}, "missing_lines": [91, 92, 103, 104], "excluded_lines": []}, "TestAIService": {"executed_lines": [114, 116, 117, 118, 146, 148, 149, 151, 153, 154, 155, 159, 161, 182, 183], "summary": {"covered_lines": 15, "num_statements": 16, "percent_covered": 93.75, "percent_covered_display": "94", "missing_lines": 1, "excluded_lines": 0}, "missing_lines": [108], "excluded_lines": []}, "TestDatabaseService": {"executed_lines": [189, 190, 192, 193, 195, 200, 201, 202, 203, 204, 206, 208, 214, 220, 228, 229, 234, 235, 236, 242, 243, 245, 246, 248, 249, 250], "summary": {"covered_lines": 26, "num_statements": 26, "percent_covered": 100.0, "percent_covered_display": "100", "missing_lines": 0, "excluded_lines": 0}, "missing_lines": [], "excluded_lines": []}, "TestCourseGenerator": {"executed_lines": [256, 258, 263, 265, 267, 268, 269, 270, 274, 276, 277, 278, 280, 282], "summary": {"covered_lines": 14, "num_statements": 16, "percent_covered": 87.5, "percent_covered_display": "88", "missing_lines": 2, "excluded_lines": 0}, "missing_lines": [283, 284], "excluded_lines": []}, "TestFallbackGenerator": {"executed_lines": [289, 291, 292, 297, 303, 304, 305, 306, 310, 312, 319, 320, 321], "summary": {"covered_lines": 13, "num_statements": 13, "percent_covered": 100.0, "percent_covered_display": "100", "missing_lines": 0, "excluded_lines": 0}, "missing_lines": [], "excluded_lines": []}, "": {"executed_lines": [1, 2, 3, 4, 5, 6, 7, 8, 9, 11, 12, 15, 16, 31, 32, 47, 48, 49, 76, 77, 78, 94, 95, 106, 107, 110, 111, 112, 157, 185, 186, 187, 197, 198, 231, 232, 252, 253, 254, 272, 286, 287, 308], "summary": {"covered_lines": 43, "num_statements": 43, "percent_covered": 100.0, "percent_covered_display": "100", "missing_lines": 0, "excluded_lines": 0}, "missing_lines": [], "excluded_lines": []}}}, "tests/test_utils.py": {"executed_lines": [1, 2, 3, 5, 6, 8, 16, 17, 19, 21, 31, 32, 34, 36, 43, 44, 46, 48, 55, 56, 58, 60, 81, 83, 85, 92, 93, 95, 97, 104, 105, 106, 108, 109, 111, 113, 114, 115, 116, 117, 119, 121, 123, 125, 126, 127, 129, 131, 133, 135, 136, 137, 139, 141, 143, 144, 146, 148, 150, 152, 153, 155, 157, 159, 161, 163, 165, 167, 170, 176, 182, 189, 190, 191, 192, 194, 199, 201, 204, 205, 206, 208, 209, 219, 221, 224, 225, 227, 228, 230, 231, 233, 235, 238, 239, 241, 242, 244, 245, 247, 249, 251, 252, 253, 254, 255, 257, 259, 260, 261, 267, 269, 271, 272, 273, 275, 277], "summary": {"covered_lines": 117, "num_statements": 132, "percent_covered": 88.63636363636364, "percent_covered_display": "89", "missing_lines": 15, "excluded_lines": 0}, "missing_lines": [195, 196, 197, 212, 213, 214, 216, 217, 262, 263, 264, 265, 278, 279, 280], "excluded_lines": [], "functions": {"TestValidators.test_validate_youtube_url_valid": {"executed_lines": [8, 16, 17], "summary": {"covered_lines": 3, "num_statements": 3, "percent_covered": 100.0, "percent_covered_display": "100", "missing_lines": 0, "excluded_lines": 0}, "missing_lines": [], "excluded_lines": []}, "TestValidators.test_validate_youtube_url_invalid": {"executed_lines": [21, 31, 32], "summary": {"covered_lines": 3, "num_statements": 3, "percent_covered": 100.0, "percent_covered_display": "100", "missing_lines": 0, "excluded_lines": 0}, "missing_lines": [], "excluded_lines": []}, "TestValidators.test_extract_video_id_success": {"executed_lines": [36, 43, 44], "summary": {"covered_lines": 3, "num_statements": 3, "percent_covered": 100.0, "percent_covered_display": "100", "missing_lines": 0, "excluded_lines": 0}, "missing_lines": [], "excluded_lines": []}, "TestValidators.test_extract_video_id_failure": {"executed_lines": [48, 55, 56], "summary": {"covered_lines": 3, "num_statements": 3, "percent_covered": 100.0, "percent_covered_display": "100", "missing_lines": 0, "excluded_lines": 0}, "missing_lines": [], "excluded_lines": []}, "TestValidators.test_validate_course_structure_valid": {"executed_lines": [60, 81], "summary": {"covered_lines": 2, "num_statements": 2, "percent_covered": 100.0, "percent_covered_display": "100", "missing_lines": 0, "excluded_lines": 0}, "missing_lines": [], "excluded_lines": []}, "TestValidators.test_validate_course_structure_invalid": {"executed_lines": [85, 92, 93], "summary": {"covered_lines": 3, "num_statements": 3, "percent_covered": 100.0, "percent_covered_display": "100", "missing_lines": 0, "excluded_lines": 0}, "missing_lines": [], "excluded_lines": []}, "TestValidators.test_sanitize_input": {"executed_lines": [97, 104, 105, 106], "summary": {"covered_lines": 4, "num_statements": 4, "percent_covered": 100.0, "percent_covered_display": "100", "missing_lines": 0, "excluded_lines": 0}, "missing_lines": [], "excluded_lines": []}, "TestProcessingMetrics.test_processing_metrics_initialization": {"executed_lines": [111, 113, 114, 115, 116, 117], "summary": {"covered_lines": 6, "num_statements": 6, "percent_covered": 100.0, "percent_covered_display": "100", "missing_lines": 0, "excluded_lines": 0}, "missing_lines": [], "excluded_lines": []}, "TestProcessingMetrics.test_add_error": {"executed_lines": [121, 123, 125, 126, 127], "summary": {"covered_lines": 5, "num_statements": 5, "percent_covered": 100.0, "percent_covered_display": "100", "missing_lines": 0, "excluded_lines": 0}, "missing_lines": [], "excluded_lines": []}, "TestProcessingMetrics.test_add_warning": {"executed_lines": [131, 133, 135, 136, 137], "summary": {"covered_lines": 5, "num_statements": 5, "percent_covered": 100.0, "percent_covered_display": "100", "missing_lines": 0, "excluded_lines": 0}, "missing_lines": [], "excluded_lines": []}, "TestProcessingMetrics.test_add_retry": {"executed_lines": [141, 143, 144, 146], "summary": {"covered_lines": 4, "num_statements": 4, "percent_covered": 100.0, "percent_covered_display": "100", "missing_lines": 0, "excluded_lines": 0}, "missing_lines": [], "excluded_lines": []}, "TestProcessingMetrics.test_add_cost": {"executed_lines": [150, 152, 153, 155], "summary": {"covered_lines": 4, "num_statements": 4, "percent_covered": 100.0, "percent_covered_display": "100", "missing_lines": 0, "excluded_lines": 0}, "missing_lines": [], "excluded_lines": []}, "TestProcessingMetrics.test_set_processing_time": {"executed_lines": [159, 161, 163], "summary": {"covered_lines": 3, "num_statements": 3, "percent_covered": 100.0, "percent_covered_display": "100", "missing_lines": 0, "excluded_lines": 0}, "missing_lines": [], "excluded_lines": []}, "TestProcessingMetrics.test_success_rate_calculations": {"executed_lines": [167, 170, 176, 182, 189, 190, 191, 192, 194], "summary": {"covered_lines": 9, "num_statements": 12, "percent_covered": 75.0, "percent_covered_display": "75", "missing_lines": 3, "excluded_lines": 0}, "missing_lines": [195, 196, 197], "excluded_lines": []}, "TestProcessingMetrics.test_reliability_grade": {"executed_lines": [201, 204, 205, 206, 208, 209], "summary": {"covered_lines": 6, "num_statements": 11, "percent_covered": 54.54545454545455, "percent_covered_display": "55", "missing_lines": 5, "excluded_lines": 0}, "missing_lines": [212, 213, 214, 216, 217], "excluded_lines": []}, "TestProcessingMetrics.test_cost_category": {"executed_lines": [221, 224, 225, 227, 228, 230, 231], "summary": {"covered_lines": 7, "num_statements": 7, "percent_covered": 100.0, "percent_covered_display": "100", "missing_lines": 0, "excluded_lines": 0}, "missing_lines": [], "excluded_lines": []}, "TestProcessingMetrics.test_speed_category": {"executed_lines": [235, 238, 239, 241, 242, 244, 245], "summary": {"covered_lines": 7, "num_statements": 7, "percent_covered": 100.0, "percent_covered_display": "100", "missing_lines": 0, "excluded_lines": 0}, "missing_lines": [], "excluded_lines": []}, "TestProcessingMetrics.test_to_dict": {"executed_lines": [249, 251, 252, 253, 254, 255, 257, 259, 260, 261], "summary": {"covered_lines": 10, "num_statements": 14, "percent_covered": 71.42857142857143, "percent_covered_display": "71", "missing_lines": 4, "excluded_lines": 0}, "missing_lines": [262, 263, 264, 265], "excluded_lines": []}, "TestProcessingMetrics.test_get_summary_stats": {"executed_lines": [269, 271, 272, 273, 275, 277], "summary": {"covered_lines": 6, "num_statements": 9, "percent_covered": 66.66666666666667, "percent_covered_display": "67", "missing_lines": 3, "excluded_lines": 0}, "missing_lines": [278, 279, 280], "excluded_lines": []}, "": {"executed_lines": [1, 2, 3, 5, 6, 19, 34, 46, 58, 83, 95, 108, 109, 119, 129, 139, 148, 157, 165, 199, 219, 233, 247, 267], "summary": {"covered_lines": 24, "num_statements": 24, "percent_covered": 100.0, "percent_covered_display": "100", "missing_lines": 0, "excluded_lines": 0}, "missing_lines": [], "excluded_lines": []}}, "classes": {"TestValidators": {"executed_lines": [8, 16, 17, 21, 31, 32, 36, 43, 44, 48, 55, 56, 60, 81, 85, 92, 93, 97, 104, 105, 106], "summary": {"covered_lines": 21, "num_statements": 21, "percent_covered": 100.0, "percent_covered_display": "100", "missing_lines": 0, "excluded_lines": 0}, "missing_lines": [], "excluded_lines": []}, "TestProcessingMetrics": {"executed_lines": [111, 113, 114, 115, 116, 117, 121, 123, 125, 126, 127, 131, 133, 135, 136, 137, 141, 143, 144, 146, 150, 152, 153, 155, 159, 161, 163, 167, 170, 176, 182, 189, 190, 191, 192, 194, 201, 204, 205, 206, 208, 209, 221, 224, 225, 227, 228, 230, 231, 235, 238, 239, 241, 242, 244, 245, 249, 251, 252, 253, 254, 255, 257, 259, 260, 261, 269, 271, 272, 273, 275, 277], "summary": {"covered_lines": 72, "num_statements": 87, "percent_covered": 82.75862068965517, "percent_covered_display": "83", "missing_lines": 15, "excluded_lines": 0}, "missing_lines": [195, 196, 197, 212, 213, 214, 216, 217, 262, 263, 264, 265, 278, 279, 280], "excluded_lines": []}, "": {"executed_lines": [1, 2, 3, 5, 6, 19, 34, 46, 58, 83, 95, 108, 109, 119, 129, 139, 148, 157, 165, 199, 219, 233, 247, 267], "summary": {"covered_lines": 24, "num_statements": 24, "percent_covered": 100.0, "percent_covered_display": "100", "missing_lines": 0, "excluded_lines": 0}, "missing_lines": [], "excluded_lines": []}}}, "utils/fallback_generator.py": {"executed_lines": [1, 2, 3, 5, 7, 8, 10, 11, 13, 27, 30, 31, 32, 34, 35, 36, 37, 40, 41, 44, 65, 67, 69, 156, 158, 161, 170, 171, 172, 173, 176, 177, 178, 179, 181, 183, 185, 186, 188, 189, 192, 194, 205, 207, 209, 211, 220, 221, 233, 234, 246, 247, 260, 274, 281, 283, 285, 287, 289, 290, 294, 295, 299, 300, 304, 305, 309, 310, 315, 320, 322, 324, 330, 332, 333, 334, 335, 336, 337, 339, 341, 343, 345, 346, 348, 353, 354, 355, 357, 358, 360, 364, 365, 367, 368, 372, 374, 376, 377, 378, 379, 383, 391], "summary": {"covered_lines": 102, "num_statements": 108, "percent_covered": 94.44444444444444, "percent_covered_display": "94", "missing_lines": 6, "excluded_lines": 0}, "missing_lines": [275, 349, 350, 362, 370, 380], "excluded_lines": [], "functions": {"FallbackGenerator.__init__": {"executed_lines": [11], "summary": {"covered_lines": 1, "num_statements": 1, "percent_covered": 100.0, "percent_covered_display": "100", "missing_lines": 0, "excluded_lines": 0}, "missing_lines": [], "excluded_lines": []}, "FallbackGenerator.create_basic_course": {"executed_lines": [27, 30, 31, 32, 34, 35, 36, 37, 40, 41, 44, 65], "summary": {"covered_lines": 12, "num_statements": 12, "percent_covered": 100.0, "percent_covered_display": "100", "missing_lines": 0, "excluded_lines": 0}, "missing_lines": [], "excluded_lines": []}, "FallbackGenerator._load_course_templates": {"executed_lines": [69], "summary": {"covered_lines": 1, "num_statements": 1, "percent_covered": 100.0, "percent_covered_display": "100", "missing_lines": 0, "excluded_lines": 0}, "missing_lines": [], "excluded_lines": []}, "FallbackGenerator._determine_course_type": {"executed_lines": [158, 161, 170, 171, 172, 173, 176, 177, 178, 179, 181], "summary": {"covered_lines": 11, "num_statements": 11, "percent_covered": 100.0, "percent_covered_display": "100", "missing_lines": 0, "excluded_lines": 0}, "missing_lines": [], "excluded_lines": []}, "FallbackGenerator._generate_fallback_days": {"executed_lines": [185, 186, 188, 189, 192, 194, 205, 207], "summary": {"covered_lines": 8, "num_statements": 8, "percent_covered": 100.0, "percent_covered_display": "100", "missing_lines": 0, "excluded_lines": 0}, "missing_lines": [], "excluded_lines": []}, "FallbackGenerator._generate_day_activities": {"executed_lines": [211, 220, 221, 233, 234, 246, 247, 260, 274, 281], "summary": {"covered_lines": 10, "num_statements": 11, "percent_covered": 90.9090909090909, "percent_covered_display": "91", "missing_lines": 1, "excluded_lines": 0}, "missing_lines": [275], "excluded_lines": []}, "FallbackGenerator._generate_day_objectives": {"executed_lines": [285, 287, 289, 290, 294, 295, 299, 300, 304, 305, 309, 310, 315, 320], "summary": {"covered_lines": 14, "num_statements": 14, "percent_covered": 100.0, "percent_covered_display": "100", "missing_lines": 0, "excluded_lines": 0}, "missing_lines": [], "excluded_lines": []}, "FallbackGenerator._generate_day_takeaways": {"executed_lines": [324], "summary": {"covered_lines": 1, "num_statements": 1, "percent_covered": 100.0, "percent_covered_display": "100", "missing_lines": 0, "excluded_lines": 0}, "missing_lines": [], "excluded_lines": []}, "FallbackGenerator._generate_day_homework": {"executed_lines": [332, 333, 334, 335, 336, 337, 339], "summary": {"covered_lines": 7, "num_statements": 7, "percent_covered": 100.0, "percent_covered_display": "100", "missing_lines": 0, "excluded_lines": 0}, "missing_lines": [], "excluded_lines": []}, "FallbackGenerator._calculate_estimated_time": {"executed_lines": [343, 345, 346, 348, 353, 354, 355, 357, 358, 360, 364, 365, 367, 368], "summary": {"covered_lines": 14, "num_statements": 18, "percent_covered": 77.77777777777777, "percent_covered_display": "78", "missing_lines": 4, "excluded_lines": 0}, "missing_lines": [349, 350, 362, 370], "excluded_lines": []}, "FallbackGenerator._generate_fallback_resources": {"executed_lines": [374, 376, 377, 378, 379, 383, 391], "summary": {"covered_lines": 7, "num_statements": 8, "percent_covered": 87.5, "percent_covered_display": "88", "missing_lines": 1, "excluded_lines": 0}, "missing_lines": [380], "excluded_lines": []}, "": {"executed_lines": [1, 2, 3, 5, 7, 8, 10, 13, 67, 156, 183, 209, 283, 322, 330, 341, 372], "summary": {"covered_lines": 16, "num_statements": 16, "percent_covered": 100.0, "percent_covered_display": "100", "missing_lines": 0, "excluded_lines": 0}, "missing_lines": [], "excluded_lines": []}}, "classes": {"FallbackGenerator": {"executed_lines": [11, 27, 30, 31, 32, 34, 35, 36, 37, 40, 41, 44, 65, 69, 158, 161, 170, 171, 172, 173, 176, 177, 178, 179, 181, 185, 186, 188, 189, 192, 194, 205, 207, 211, 220, 221, 233, 234, 246, 247, 260, 274, 281, 285, 287, 289, 290, 294, 295, 299, 300, 304, 305, 309, 310, 315, 320, 324, 332, 333, 334, 335, 336, 337, 339, 343, 345, 346, 348, 353, 354, 355, 357, 358, 360, 364, 365, 367, 368, 374, 376, 377, 378, 379, 383, 391], "summary": {"covered_lines": 86, "num_statements": 92, "percent_covered": 93.47826086956522, "percent_covered_display": "93", "missing_lines": 6, "excluded_lines": 0}, "missing_lines": [275, 349, 350, 362, 370, 380], "excluded_lines": []}, "": {"executed_lines": [1, 2, 3, 5, 7, 8, 10, 13, 67, 156, 183, 209, 283, 322, 330, 341, 372], "summary": {"covered_lines": 16, "num_statements": 16, "percent_covered": 100.0, "percent_covered_display": "100", "missing_lines": 0, "excluded_lines": 0}, "missing_lines": [], "excluded_lines": []}}}, "utils/metrics.py": {"executed_lines": [1, 2, 3, 5, 6, 8, 9, 10, 11, 14, 15, 16, 19, 20, 21, 24, 25, 26, 29, 30, 31, 33, 35, 40, 42, 47, 49, 51, 53, 55, 57, 59, 61, 62, 67, 69, 71, 72, 77, 79, 81, 82, 87, 89, 91, 92, 93, 96, 98, 100, 102, 104, 106, 108, 111, 113, 115, 116, 117, 118, 120, 122, 124, 125, 126, 127, 129, 131, 133, 168, 170], "summary": {"covered_lines": 70, "num_statements": 74, "percent_covered": 94.5945945945946, "percent_covered_display": "95", "missing_lines": 4, "excluded_lines": 0}, "missing_lines": [103, 105, 107, 109], "excluded_lines": [], "functions": {"ProcessingMetrics.__init__": {"executed_lines": [9, 10, 11, 14, 15, 16, 19, 20, 21, 24, 25, 26, 29, 30, 31], "summary": {"covered_lines": 15, "num_statements": 15, "percent_covered": 100.0, "percent_covered_display": "100", "missing_lines": 0, "excluded_lines": 0}, "missing_lines": [], "excluded_lines": []}, "ProcessingMetrics.add_error": {"executed_lines": [35], "summary": {"covered_lines": 1, "num_statements": 1, "percent_covered": 100.0, "percent_covered_display": "100", "missing_lines": 0, "excluded_lines": 0}, "missing_lines": [], "excluded_lines": []}, "ProcessingMetrics.add_warning": {"executed_lines": [42], "summary": {"covered_lines": 1, "num_statements": 1, "percent_covered": 100.0, "percent_covered_display": "100", "missing_lines": 0, "excluded_lines": 0}, "missing_lines": [], "excluded_lines": []}, "ProcessingMetrics.add_retry": {"executed_lines": [49], "summary": {"covered_lines": 1, "num_statements": 1, "percent_covered": 100.0, "percent_covered_display": "100", "missing_lines": 0, "excluded_lines": 0}, "missing_lines": [], "excluded_lines": []}, "ProcessingMetrics.add_cost": {"executed_lines": [53], "summary": {"covered_lines": 1, "num_statements": 1, "percent_covered": 100.0, "percent_covered_display": "100", "missing_lines": 0, "excluded_lines": 0}, "missing_lines": [], "excluded_lines": []}, "ProcessingMetrics.set_processing_time": {"executed_lines": [57], "summary": {"covered_lines": 1, "num_statements": 1, "percent_covered": 100.0, "percent_covered_display": "100", "missing_lines": 0, "excluded_lines": 0}, "missing_lines": [], "excluded_lines": []}, "ProcessingMetrics.get_metadata_success_rate": {"executed_lines": [61, 62, 67], "summary": {"covered_lines": 3, "num_statements": 3, "percent_covered": 100.0, "percent_covered_display": "100", "missing_lines": 0, "excluded_lines": 0}, "missing_lines": [], "excluded_lines": []}, "ProcessingMetrics.get_transcript_success_rate": {"executed_lines": [71, 72, 77], "summary": {"covered_lines": 3, "num_statements": 3, "percent_covered": 100.0, "percent_covered_display": "100", "missing_lines": 0, "excluded_lines": 0}, "missing_lines": [], "excluded_lines": []}, "ProcessingMetrics.get_ai_success_rate": {"executed_lines": [81, 82, 87], "summary": {"covered_lines": 3, "num_statements": 3, "percent_covered": 100.0, "percent_covered_display": "100", "missing_lines": 0, "excluded_lines": 0}, "missing_lines": [], "excluded_lines": []}, "ProcessingMetrics.get_overall_success_rate": {"executed_lines": [91, 92, 93, 96], "summary": {"covered_lines": 4, "num_statements": 4, "percent_covered": 100.0, "percent_covered_display": "100", "missing_lines": 0, "excluded_lines": 0}, "missing_lines": [], "excluded_lines": []}, "ProcessingMetrics.get_reliability_grade": {"executed_lines": [100, 102, 104, 106, 108, 111], "summary": {"covered_lines": 6, "num_statements": 10, "percent_covered": 60.0, "percent_covered_display": "60", "missing_lines": 4, "excluded_lines": 0}, "missing_lines": [103, 105, 107, 109], "excluded_lines": []}, "ProcessingMetrics.get_cost_category": {"executed_lines": [115, 116, 117, 118, 120], "summary": {"covered_lines": 5, "num_statements": 5, "percent_covered": 100.0, "percent_covered_display": "100", "missing_lines": 0, "excluded_lines": 0}, "missing_lines": [], "excluded_lines": []}, "ProcessingMetrics.get_speed_category": {"executed_lines": [124, 125, 126, 127, 129], "summary": {"covered_lines": 5, "num_statements": 5, "percent_covered": 100.0, "percent_covered_display": "100", "missing_lines": 0, "excluded_lines": 0}, "missing_lines": [], "excluded_lines": []}, "ProcessingMetrics.to_dict": {"executed_lines": [133], "summary": {"covered_lines": 1, "num_statements": 1, "percent_covered": 100.0, "percent_covered_display": "100", "missing_lines": 0, "excluded_lines": 0}, "missing_lines": [], "excluded_lines": []}, "ProcessingMetrics.get_summary_stats": {"executed_lines": [170], "summary": {"covered_lines": 1, "num_statements": 1, "percent_covered": 100.0, "percent_covered_display": "100", "missing_lines": 0, "excluded_lines": 0}, "missing_lines": [], "excluded_lines": []}, "": {"executed_lines": [1, 2, 3, 5, 6, 8, 33, 40, 47, 51, 55, 59, 69, 79, 89, 98, 113, 122, 131, 168], "summary": {"covered_lines": 19, "num_statements": 19, "percent_covered": 100.0, "percent_covered_display": "100", "missing_lines": 0, "excluded_lines": 0}, "missing_lines": [], "excluded_lines": []}}, "classes": {"ProcessingMetrics": {"executed_lines": [9, 10, 11, 14, 15, 16, 19, 20, 21, 24, 25, 26, 29, 30, 31, 35, 42, 49, 53, 57, 61, 62, 67, 71, 72, 77, 81, 82, 87, 91, 92, 93, 96, 100, 102, 104, 106, 108, 111, 115, 116, 117, 118, 120, 124, 125, 126, 127, 129, 133, 170], "summary": {"covered_lines": 51, "num_statements": 55, "percent_covered": 92.72727272727273, "percent_covered_display": "93", "missing_lines": 4, "excluded_lines": 0}, "missing_lines": [103, 105, 107, 109], "excluded_lines": []}, "": {"executed_lines": [1, 2, 3, 5, 6, 8, 33, 40, 47, 51, 55, 59, 69, 79, 89, 98, 113, 122, 131, 168], "summary": {"covered_lines": 19, "num_statements": 19, "percent_covered": 100.0, "percent_covered_display": "100", "missing_lines": 0, "excluded_lines": 0}, "missing_lines": [], "excluded_lines": []}}}, "utils/validators.py": {"executed_lines": [1, 2, 4, 14, 15, 18, 27, 28, 29, 31, 33, 43, 48, 49, 50, 51, 53, 55, 65, 68, 71, 72, 73, 76, 77, 78, 103, 114, 118, 121, 124, 126], "summary": {"covered_lines": 32, "num_statements": 48, "percent_covered": 66.66666666666667, "percent_covered_display": "67", "missing_lines": 16, "excluded_lines": 0}, "missing_lines": [66, 81, 82, 83, 85, 86, 87, 88, 91, 92, 95, 96, 98, 99, 101, 115], "excluded_lines": [], "functions": {"validate_youtube_url": {"executed_lines": [14, 15, 18, 27, 28, 29, 31], "summary": {"covered_lines": 7, "num_statements": 7, "percent_covered": 100.0, "percent_covered_display": "100", "missing_lines": 0, "excluded_lines": 0}, "missing_lines": [], "excluded_lines": []}, "extract_video_id": {"executed_lines": [43, 48, 49, 50, 51, 53], "summary": {"covered_lines": 6, "num_statements": 6, "percent_covered": 100.0, "percent_covered_display": "100", "missing_lines": 0, "excluded_lines": 0}, "missing_lines": [], "excluded_lines": []}, "validate_course_structure": {"executed_lines": [65, 68, 71, 72, 73, 76, 77, 78], "summary": {"covered_lines": 8, "num_statements": 23, "percent_covered": 34.78260869565217, "percent_covered_display": "35", "missing_lines": 15, "excluded_lines": 0}, "missing_lines": [66, 81, 82, 83, 85, 86, 87, 88, 91, 92, 95, 96, 98, 99, 101], "excluded_lines": []}, "sanitize_input": {"executed_lines": [114, 118, 121, 124, 126], "summary": {"covered_lines": 5, "num_statements": 6, "percent_covered": 83.33333333333333, "percent_covered_display": "83", "missing_lines": 1, "excluded_lines": 0}, "missing_lines": [115], "excluded_lines": []}, "": {"executed_lines": [1, 2, 4, 33, 55, 103], "summary": {"covered_lines": 6, "num_statements": 6, "percent_covered": 100.0, "percent_covered_display": "100", "missing_lines": 0, "excluded_lines": 0}, "missing_lines": [], "excluded_lines": []}}, "classes": {"": {"executed_lines": [1, 2, 4, 14, 15, 18, 27, 28, 29, 31, 33, 43, 48, 49, 50, 51, 53, 55, 65, 68, 71, 72, 73, 76, 77, 78, 103, 114, 118, 121, 124, 126], "summary": {"covered_lines": 32, "num_statements": 48, "percent_covered": 66.66666666666667, "percent_covered_display": "67", "missing_lines": 16, "excluded_lines": 0}, "missing_lines": [66, 81, 82, 83, 85, 86, 87, 88, 91, 92, 95, 96, 98, 99, 101, 115], "excluded_lines": []}}}}, "totals": {"covered_lines": 1073, "num_statements": 2205, "percent_covered": 48.662131519274375, "percent_covered_display": "49", "missing_lines": 1132, "excluded_lines": 0}}